Sep 25, 2008 5:19:13 PM org.apache.catalina.core.AprLifecycleListener init
INFO: The Apache Tomcat Native library which allows optimal performance in production environments was not found on the java.library.path: C:\j2sdk1.5.12\bin;.;C:\WINNT\system32;C:\WINNT;C:\j2sdk1.5.12/bin;C:\mojo\guice;C:\mojo\gwt-windows-1.4.61;C:\j2sdk1.4.2_08\bin;C:\apache-ant-1.7.0\bin;C:\maven\maven-2.0.7\bin;C:\WINNT\system32;C:\WINNT;C:\WINNT\System32\Wbem;C:\Program Files\GnuWin32\bin;c:\Program Files\IBM\Trace Facility\;c:\Program Files\IBM\Personal Communications\;C:\Program Files\Windows Imaging\
Sep 25, 2008 5:19:14 PM org.apache.coyote.http11.Http11Protocol init
INFO: Initializing Coyote HTTP/1.1 on http-8080
Sep 25, 2008 5:19:14 PM org.apache.catalina.startup.Catalina load
INFO: Initialization processed in 1981 ms
Sep 25, 2008 5:19:14 PM org.apache.catalina.core.StandardService start
INFO: Starting service Catalina
Sep 25, 2008 5:19:14 PM org.apache.catalina.core.StandardEngine start
INFO: Starting Servlet Engine: Apache Tomcat/6.0.14
Sep 25, 2008 5:19:27 PM org.apache.catalina.startup.HostConfig deployWAR
INFO: Deploying web application archive crystal.war
Sep 25, 2008 5:19:31 PM org.apache.coyote.http11.Http11Protocol start
INFO: Starting Coyote HTTP/1.1 on http-8080
Sep 25, 2008 5:19:31 PM org.apache.jk.common.ChannelSocket init
INFO: JK: ajp13 listening on /0.0.0.0:8009
Sep 25, 2008 5:19:31 PM org.apache.jk.server.JkMain start
INFO: Jk running ID=0 time=0/47  config=null
Sep 25, 2008 5:19:31 PM org.apache.catalina.startup.Catalina start
INFO: Server startup in 17699 ms
