Sep 24, 2008 3:51:37 PM org.apache.catalina.core.AprLifecycleListener init
INFO: The Apache Tomcat Native library which allows optimal performance in production environments was not found on the java.library.path: C:\j2sdk1.5.12\bin;.;C:\WINNT\system32;C:\WINNT;C:\j2sdk1.5.12/bin;C:\mojo\guice;C:\mojo\gwt-windows-1.4.61;C:\j2sdk1.4.2_08\bin;C:\apache-ant-1.7.0\bin;C:\maven\maven-2.0.7\bin;C:\WINNT\system32;C:\WINNT;C:\WINNT\System32\Wbem;C:\Program Files\GnuWin32\bin;c:\Program Files\IBM\Trace Facility\;c:\Program Files\IBM\Personal Communications\;C:\Program Files\Windows Imaging\
Sep 24, 2008 3:51:37 PM org.apache.coyote.http11.Http11Protocol init
INFO: Initializing Coyote HTTP/1.1 on http-8080
Sep 24, 2008 3:51:37 PM org.apache.catalina.startup.Catalina load
INFO: Initialization processed in 1458 ms
Sep 24, 2008 3:51:37 PM org.apache.catalina.core.StandardService start
INFO: Starting service Catalina
Sep 24, 2008 3:51:37 PM org.apache.catalina.core.StandardEngine start
INFO: Starting Servlet Engine: Apache Tomcat/6.0.14
Sep 24, 2008 3:51:44 PM org.apache.catalina.core.StandardContext start
SEVERE: Error listenerStart
Sep 24, 2008 3:51:44 PM org.apache.catalina.core.StandardContext start
SEVERE: Context [/site] startup failed due to previous errors
Sep 24, 2008 3:51:45 PM org.apache.catalina.startup.HostConfig deployWAR
INFO: Deploying web application archive crystal.war
Sep 24, 2008 3:51:54 PM org.apache.coyote.http11.Http11Protocol start
INFO: Starting Coyote HTTP/1.1 on http-8080
Sep 24, 2008 3:51:54 PM org.apache.jk.common.ChannelSocket init
INFO: JK: ajp13 listening on /0.0.0.0:8009
Sep 24, 2008 3:51:55 PM org.apache.jk.server.JkMain start
INFO: Jk running ID=0 time=0/47  config=null
Sep 24, 2008 3:51:55 PM org.apache.catalina.startup.Catalina start
INFO: Server startup in 17708 ms
Sep 24, 2008 3:54:33 PM org.apache.coyote.http11.Http11Protocol pause
INFO: Pausing Coyote HTTP/1.1 on http-8080
Sep 24, 2008 3:54:34 PM org.apache.catalina.core.StandardService stop
INFO: Stopping service Catalina
Sep 24, 2008 3:54:34 PM org.apache.coyote.http11.Http11Protocol destroy
INFO: Stopping Coyote HTTP/1.1 on http-8080
Sep 24, 2008 3:54:41 PM org.apache.catalina.core.AprLifecycleListener init
INFO: The Apache Tomcat Native library which allows optimal performance in production environments was not found on the java.library.path: C:\j2sdk1.5.12\bin;.;C:\WINNT\system32;C:\WINNT;C:\j2sdk1.5.12/bin;C:\mojo\guice;C:\mojo\gwt-windows-1.4.61;C:\j2sdk1.4.2_08\bin;C:\apache-ant-1.7.0\bin;C:\maven\maven-2.0.7\bin;C:\WINNT\system32;C:\WINNT;C:\WINNT\System32\Wbem;C:\Program Files\GnuWin32\bin;c:\Program Files\IBM\Trace Facility\;c:\Program Files\IBM\Personal Communications\;C:\Program Files\Windows Imaging\
Sep 24, 2008 3:54:41 PM org.apache.coyote.http11.Http11Protocol init
INFO: Initializing Coyote HTTP/1.1 on http-8080
Sep 24, 2008 3:54:41 PM org.apache.catalina.startup.Catalina load
INFO: Initialization processed in 675 ms
Sep 24, 2008 3:54:41 PM org.apache.catalina.core.StandardService start
INFO: Starting service Catalina
Sep 24, 2008 3:54:41 PM org.apache.catalina.core.StandardEngine start
INFO: Starting Servlet Engine: Apache Tomcat/6.0.14
Sep 24, 2008 3:54:43 PM org.apache.catalina.core.StandardContext start
SEVERE: Error listenerStart
Sep 24, 2008 3:54:43 PM org.apache.catalina.core.StandardContext start
SEVERE: Context [/site] startup failed due to previous errors
Sep 24, 2008 3:54:43 PM org.apache.catalina.startup.HostConfig deployWAR
INFO: Deploying web application archive crystal.war
Sep 24, 2008 3:54:43 PM org.apache.coyote.http11.Http11Protocol start
INFO: Starting Coyote HTTP/1.1 on http-8080
Sep 24, 2008 3:54:44 PM org.apache.jk.common.ChannelSocket init
INFO: JK: ajp13 listening on /0.0.0.0:8009
Sep 24, 2008 3:54:44 PM org.apache.jk.server.JkMain start
INFO: Jk running ID=0 time=0/31  config=null
Sep 24, 2008 3:54:44 PM org.apache.catalina.startup.Catalina start
INFO: Server startup in 2424 ms
Sep 24, 2008 3:54:54 PM org.apache.coyote.http11.Http11Protocol pause
INFO: Pausing Coyote HTTP/1.1 on http-8080
Sep 24, 2008 3:54:56 PM org.apache.catalina.core.StandardService stop
INFO: Stopping service Catalina
Sep 24, 2008 3:54:56 PM org.apache.coyote.http11.Http11Protocol destroy
INFO: Stopping Coyote HTTP/1.1 on http-8080
Sep 24, 2008 3:58:14 PM org.apache.catalina.core.AprLifecycleListener init
INFO: The Apache Tomcat Native library which allows optimal performance in production environments was not found on the java.library.path: C:\j2sdk1.5.12\bin;.;C:\WINNT\system32;C:\WINNT;C:\j2sdk1.5.12/bin;C:\mojo\guice;C:\mojo\gwt-windows-1.4.61;C:\j2sdk1.4.2_08\bin;C:\apache-ant-1.7.0\bin;C:\maven\maven-2.0.7\bin;C:\WINNT\system32;C:\WINNT;C:\WINNT\System32\Wbem;C:\Program Files\GnuWin32\bin;c:\Program Files\IBM\Trace Facility\;c:\Program Files\IBM\Personal Communications\;C:\Program Files\Windows Imaging\
Sep 24, 2008 3:58:14 PM org.apache.coyote.http11.Http11Protocol init
INFO: Initializing Coyote HTTP/1.1 on http-8080
Sep 24, 2008 3:58:14 PM org.apache.catalina.startup.Catalina load
INFO: Initialization processed in 689 ms
Sep 24, 2008 3:58:14 PM org.apache.catalina.core.StandardService start
INFO: Starting service Catalina
Sep 24, 2008 3:58:14 PM org.apache.catalina.core.StandardEngine start
INFO: Starting Servlet Engine: Apache Tomcat/6.0.14
Sep 24, 2008 3:58:16 PM org.apache.catalina.startup.HostConfig deployWAR
INFO: Deploying web application archive crystal.war
Sep 24, 2008 3:58:17 PM org.apache.coyote.http11.Http11Protocol start
INFO: Starting Coyote HTTP/1.1 on http-8080
Sep 24, 2008 3:58:17 PM org.apache.jk.common.ChannelSocket init
INFO: JK: ajp13 listening on /0.0.0.0:8009
Sep 24, 2008 3:58:17 PM org.apache.jk.server.JkMain start
INFO: Jk running ID=0 time=0/47  config=null
Sep 24, 2008 3:58:17 PM org.apache.catalina.startup.Catalina start
INFO: Server startup in 3125 ms
Sep 24, 2008 4:01:18 PM org.apache.coyote.http11.Http11Protocol pause
INFO: Pausing Coyote HTTP/1.1 on http-8080
Sep 24, 2008 4:01:19 PM org.apache.catalina.core.StandardService stop
INFO: Stopping service Catalina
Sep 24, 2008 4:01:21 PM org.apache.coyote.http11.Http11Protocol destroy
INFO: Stopping Coyote HTTP/1.1 on http-8080
Sep 24, 2008 4:03:21 PM org.apache.catalina.core.AprLifecycleListener init
INFO: The Apache Tomcat Native library which allows optimal performance in production environments was not found on the java.library.path: C:\j2sdk1.5.12\bin;.;C:\WINNT\system32;C:\WINNT;C:\j2sdk1.5.12/bin;C:\mojo\guice;C:\mojo\gwt-windows-1.4.61;C:\j2sdk1.4.2_08\bin;C:\apache-ant-1.7.0\bin;C:\maven\maven-2.0.7\bin;C:\WINNT\system32;C:\WINNT;C:\WINNT\System32\Wbem;C:\Program Files\GnuWin32\bin;c:\Program Files\IBM\Trace Facility\;c:\Program Files\IBM\Personal Communications\;C:\Program Files\Windows Imaging\
Sep 24, 2008 4:03:21 PM org.apache.coyote.http11.Http11Protocol init
INFO: Initializing Coyote HTTP/1.1 on http-8080
Sep 24, 2008 4:03:21 PM org.apache.catalina.startup.Catalina load
INFO: Initialization processed in 677 ms
Sep 24, 2008 4:03:21 PM org.apache.catalina.core.StandardService start
INFO: Starting service Catalina
Sep 24, 2008 4:03:21 PM org.apache.catalina.core.StandardEngine start
INFO: Starting Servlet Engine: Apache Tomcat/6.0.14
Sep 24, 2008 4:03:23 PM org.apache.catalina.startup.HostConfig deployWAR
INFO: Deploying web application archive crystal.war
Sep 24, 2008 4:03:24 PM org.apache.coyote.http11.Http11Protocol start
INFO: Starting Coyote HTTP/1.1 on http-8080
Sep 24, 2008 4:03:24 PM org.apache.jk.common.ChannelSocket init
INFO: JK: ajp13 listening on /0.0.0.0:8009
Sep 24, 2008 4:03:24 PM org.apache.jk.server.JkMain start
INFO: Jk running ID=0 time=0/110  config=null
Sep 24, 2008 4:03:24 PM org.apache.catalina.startup.Catalina start
INFO: Server startup in 2959 ms
Sep 24, 2008 4:03:44 PM org.apache.coyote.http11.Http11Protocol pause
INFO: Pausing Coyote HTTP/1.1 on http-8080
Sep 24, 2008 4:03:45 PM org.apache.catalina.core.StandardService stop
INFO: Stopping service Catalina
Sep 24, 2008 4:03:45 PM org.apache.coyote.http11.Http11Protocol destroy
INFO: Stopping Coyote HTTP/1.1 on http-8080
Sep 24, 2008 4:10:05 PM org.apache.catalina.core.AprLifecycleListener init
INFO: The Apache Tomcat Native library which allows optimal performance in production environments was not found on the java.library.path: C:\j2sdk1.5.12\bin;.;C:\WINNT\system32;C:\WINNT;C:\j2sdk1.5.12/bin;C:\mojo\guice;C:\mojo\gwt-windows-1.4.61;C:\j2sdk1.4.2_08\bin;C:\apache-ant-1.7.0\bin;C:\maven\maven-2.0.7\bin;C:\WINNT\system32;C:\WINNT;C:\WINNT\System32\Wbem;C:\Program Files\GnuWin32\bin;c:\Program Files\IBM\Trace Facility\;c:\Program Files\IBM\Personal Communications\;C:\Program Files\Windows Imaging\
Sep 24, 2008 4:10:05 PM org.apache.coyote.http11.Http11Protocol init
INFO: Initializing Coyote HTTP/1.1 on http-8080
Sep 24, 2008 4:10:05 PM org.apache.catalina.startup.Catalina load
INFO: Initialization processed in 667 ms
Sep 24, 2008 4:10:05 PM org.apache.catalina.core.StandardService start
INFO: Starting service Catalina
Sep 24, 2008 4:10:05 PM org.apache.catalina.core.StandardEngine start
INFO: Starting Servlet Engine: Apache Tomcat/6.0.14
Sep 24, 2008 4:10:07 PM org.apache.catalina.startup.HostConfig deployWAR
INFO: Deploying web application archive crystal.war
Sep 24, 2008 4:10:08 PM org.apache.coyote.http11.Http11Protocol start
INFO: Starting Coyote HTTP/1.1 on http-8080
Sep 24, 2008 4:10:08 PM org.apache.jk.common.ChannelSocket init
INFO: JK: ajp13 listening on /0.0.0.0:8009
Sep 24, 2008 4:10:08 PM org.apache.jk.server.JkMain start
INFO: Jk running ID=0 time=0/32  config=null
Sep 24, 2008 4:10:08 PM org.apache.catalina.startup.Catalina start
INFO: Server startup in 2931 ms
Sep 24, 2008 4:11:38 PM org.apache.coyote.http11.Http11Protocol pause
INFO: Pausing Coyote HTTP/1.1 on http-8080
Sep 24, 2008 4:11:39 PM org.apache.catalina.core.StandardService stop
INFO: Stopping service Catalina
Sep 24, 2008 4:11:39 PM org.apache.coyote.http11.Http11Protocol destroy
INFO: Stopping Coyote HTTP/1.1 on http-8080
Sep 24, 2008 4:11:43 PM org.apache.catalina.core.AprLifecycleListener init
INFO: The Apache Tomcat Native library which allows optimal performance in production environments was not found on the java.library.path: C:\j2sdk1.5.12\bin;.;C:\WINNT\system32;C:\WINNT;C:\j2sdk1.5.12/bin;C:\mojo\guice;C:\mojo\gwt-windows-1.4.61;C:\j2sdk1.4.2_08\bin;C:\apache-ant-1.7.0\bin;C:\maven\maven-2.0.7\bin;C:\WINNT\system32;C:\WINNT;C:\WINNT\System32\Wbem;C:\Program Files\GnuWin32\bin;c:\Program Files\IBM\Trace Facility\;c:\Program Files\IBM\Personal Communications\;C:\Program Files\Windows Imaging\
Sep 24, 2008 4:11:43 PM org.apache.coyote.http11.Http11Protocol init
INFO: Initializing Coyote HTTP/1.1 on http-8080
Sep 24, 2008 4:11:43 PM org.apache.catalina.startup.Catalina load
INFO: Initialization processed in 681 ms
Sep 24, 2008 4:11:43 PM org.apache.catalina.core.StandardService start
INFO: Starting service Catalina
Sep 24, 2008 4:11:43 PM org.apache.catalina.core.StandardEngine start
INFO: Starting Servlet Engine: Apache Tomcat/6.0.14
Sep 24, 2008 4:11:45 PM org.apache.catalina.startup.HostConfig deployWAR
INFO: Deploying web application archive crystal.war
Sep 24, 2008 4:11:46 PM org.apache.coyote.http11.Http11Protocol start
INFO: Starting Coyote HTTP/1.1 on http-8080
Sep 24, 2008 4:11:46 PM org.apache.jk.common.ChannelSocket init
INFO: JK: ajp13 listening on /0.0.0.0:8009
Sep 24, 2008 4:11:46 PM org.apache.jk.server.JkMain start
INFO: Jk running ID=0 time=0/109  config=null
Sep 24, 2008 4:11:46 PM org.apache.catalina.startup.Catalina start
INFO: Server startup in 3125 ms
Sep 24, 2008 4:12:11 PM org.apache.coyote.http11.Http11Protocol pause
INFO: Pausing Coyote HTTP/1.1 on http-8080
Sep 24, 2008 4:12:12 PM org.apache.catalina.core.StandardService stop
INFO: Stopping service Catalina
Sep 24, 2008 4:12:13 PM org.apache.coyote.http11.Http11Protocol destroy
INFO: Stopping Coyote HTTP/1.1 on http-8080
Sep 24, 2008 4:12:30 PM org.apache.catalina.core.AprLifecycleListener init
INFO: The Apache Tomcat Native library which allows optimal performance in production environments was not found on the java.library.path: C:\j2sdk1.5.12\bin;.;C:\WINNT\system32;C:\WINNT;C:\j2sdk1.5.12/bin;C:\mojo\guice;C:\mojo\gwt-windows-1.4.61;C:\j2sdk1.4.2_08\bin;C:\apache-ant-1.7.0\bin;C:\maven\maven-2.0.7\bin;C:\WINNT\system32;C:\WINNT;C:\WINNT\System32\Wbem;C:\Program Files\GnuWin32\bin;c:\Program Files\IBM\Trace Facility\;c:\Program Files\IBM\Personal Communications\;C:\Program Files\Windows Imaging\
Sep 24, 2008 4:12:30 PM org.apache.coyote.http11.Http11Protocol init
INFO: Initializing Coyote HTTP/1.1 on http-8080
Sep 24, 2008 4:12:30 PM org.apache.catalina.startup.Catalina load
INFO: Initialization processed in 674 ms
Sep 24, 2008 4:12:30 PM org.apache.catalina.core.StandardService start
INFO: Starting service Catalina
Sep 24, 2008 4:12:30 PM org.apache.catalina.core.StandardEngine start
INFO: Starting Servlet Engine: Apache Tomcat/6.0.14
Sep 24, 2008 4:12:32 PM org.apache.catalina.startup.HostConfig deployWAR
INFO: Deploying web application archive crystal.war
Sep 24, 2008 4:12:33 PM org.apache.coyote.http11.Http11Protocol start
INFO: Starting Coyote HTTP/1.1 on http-8080
Sep 24, 2008 4:12:33 PM org.apache.jk.common.ChannelSocket init
INFO: JK: ajp13 listening on /0.0.0.0:8009
Sep 24, 2008 4:12:33 PM org.apache.jk.server.JkMain start
INFO: Jk running ID=0 time=0/109  config=null
Sep 24, 2008 4:12:33 PM org.apache.catalina.startup.Catalina start
INFO: Server startup in 2972 ms
Sep 24, 2008 4:13:24 PM org.apache.coyote.http11.Http11Protocol pause
INFO: Pausing Coyote HTTP/1.1 on http-8080
Sep 24, 2008 4:13:25 PM org.apache.catalina.core.StandardService stop
INFO: Stopping service Catalina
Sep 24, 2008 4:13:26 PM org.apache.coyote.http11.Http11Protocol destroy
INFO: Stopping Coyote HTTP/1.1 on http-8080
