Oct 1, 2008 1:39:35 PM org.apache.catalina.core.AprLifecycleListener init
INFO: The Apache Tomcat Native library which allows optimal performance in production environments was not found on the java.library.path: C:\j2sdk1.5.12\bin;.;C:\WINNT\system32;C:\WINNT;C:\j2sdk1.5.12/bin;C:\mojo\guice;C:\mojo\gwt-windows-1.4.61;C:\j2sdk1.4.2_08\bin;C:\apache-ant-1.7.0\bin;C:\maven\maven-2.0.7\bin;C:\WINNT\system32;C:\WINNT;C:\WINNT\System32\Wbem;C:\Program Files\GnuWin32\bin;c:\Program Files\IBM\Trace Facility\;c:\Program Files\IBM\Personal Communications\;C:\Program Files\Windows Imaging\
Oct 1, 2008 1:39:35 PM org.apache.coyote.http11.Http11Protocol init
INFO: Initializing Coyote HTTP/1.1 on http-8080
Oct 1, 2008 1:39:35 PM org.apache.catalina.startup.Catalina load
INFO: Initialization processed in 748 ms
Oct 1, 2008 1:39:35 PM org.apache.catalina.core.StandardService start
INFO: Starting service Catalina
Oct 1, 2008 1:39:35 PM org.apache.catalina.core.StandardEngine start
INFO: Starting Servlet Engine: Apache Tomcat/6.0.14
Oct 1, 2008 1:39:41 PM org.apache.coyote.http11.Http11Protocol start
INFO: Starting Coyote HTTP/1.1 on http-8080
Oct 1, 2008 1:39:41 PM org.apache.jk.common.ChannelSocket init
INFO: JK: ajp13 listening on /0.0.0.0:8009
Oct 1, 2008 1:39:41 PM org.apache.jk.server.JkMain start
INFO: Jk running ID=0 time=0/31  config=null
Oct 1, 2008 1:39:41 PM org.apache.catalina.startup.Catalina start
INFO: Server startup in 5737 ms
Oct 1, 2008 1:39:51 PM org.apache.coyote.http11.Http11Protocol pause
INFO: Pausing Coyote HTTP/1.1 on http-8080
Oct 1, 2008 1:39:52 PM org.apache.catalina.core.StandardService stop
INFO: Stopping service Catalina
Oct 1, 2008 1:39:54 PM org.apache.coyote.http11.Http11Protocol destroy
INFO: Stopping Coyote HTTP/1.1 on http-8080
Oct 1, 2008 1:40:40 PM org.apache.catalina.core.AprLifecycleListener init
INFO: The Apache Tomcat Native library which allows optimal performance in production environments was not found on the java.library.path: C:\j2sdk1.5.12\bin;.;C:\WINNT\system32;C:\WINNT;C:\j2sdk1.5.12/bin;C:\mojo\guice;C:\mojo\gwt-windows-1.4.61;C:\j2sdk1.4.2_08\bin;C:\apache-ant-1.7.0\bin;C:\maven\maven-2.0.7\bin;C:\WINNT\system32;C:\WINNT;C:\WINNT\System32\Wbem;C:\Program Files\GnuWin32\bin;c:\Program Files\IBM\Trace Facility\;c:\Program Files\IBM\Personal Communications\;C:\Program Files\Windows Imaging\
Oct 1, 2008 1:40:40 PM org.apache.coyote.http11.Http11Protocol init
INFO: Initializing Coyote HTTP/1.1 on http-8080
Oct 1, 2008 1:40:40 PM org.apache.catalina.startup.Catalina load
INFO: Initialization processed in 665 ms
Oct 1, 2008 1:40:40 PM org.apache.catalina.core.StandardService start
INFO: Starting service Catalina
Oct 1, 2008 1:40:40 PM org.apache.catalina.core.StandardEngine start
INFO: Starting Servlet Engine: Apache Tomcat/6.0.14
Oct 1, 2008 1:40:45 PM org.apache.coyote.http11.Http11Protocol start
INFO: Starting Coyote HTTP/1.1 on http-8080
Oct 1, 2008 1:40:45 PM org.apache.jk.common.ChannelSocket init
INFO: JK: ajp13 listening on /0.0.0.0:8009
Oct 1, 2008 1:40:45 PM org.apache.jk.server.JkMain start
INFO: Jk running ID=0 time=0/31  config=null
Oct 1, 2008 1:40:45 PM org.apache.catalina.startup.Catalina start
INFO: Server startup in 4781 ms
Oct 1, 2008 1:42:00 PM org.apache.coyote.http11.Http11Protocol pause
INFO: Pausing Coyote HTTP/1.1 on http-8080
Oct 1, 2008 1:42:02 PM org.apache.catalina.core.StandardService stop
INFO: Stopping service Catalina
Oct 1, 2008 1:42:03 PM org.apache.coyote.http11.Http11Protocol destroy
INFO: Stopping Coyote HTTP/1.1 on http-8080
Oct 1, 2008 1:42:18 PM org.apache.catalina.core.AprLifecycleListener init
INFO: The Apache Tomcat Native library which allows optimal performance in production environments was not found on the java.library.path: C:\j2sdk1.5.12\bin;.;C:\WINNT\system32;C:\WINNT;C:\j2sdk1.5.12/bin;C:\mojo\guice;C:\mojo\gwt-windows-1.4.61;C:\j2sdk1.4.2_08\bin;C:\apache-ant-1.7.0\bin;C:\maven\maven-2.0.7\bin;C:\WINNT\system32;C:\WINNT;C:\WINNT\System32\Wbem;C:\Program Files\GnuWin32\bin;c:\Program Files\IBM\Trace Facility\;c:\Program Files\IBM\Personal Communications\;C:\Program Files\Windows Imaging\
Oct 1, 2008 1:42:18 PM org.apache.coyote.http11.Http11Protocol init
INFO: Initializing Coyote HTTP/1.1 on http-8080
Oct 1, 2008 1:42:18 PM org.apache.catalina.startup.Catalina load
INFO: Initialization processed in 674 ms
Oct 1, 2008 1:42:18 PM org.apache.catalina.core.StandardService start
INFO: Starting service Catalina
Oct 1, 2008 1:42:18 PM org.apache.catalina.core.StandardEngine start
INFO: Starting Servlet Engine: Apache Tomcat/6.0.14
Oct 1, 2008 1:42:23 PM org.apache.coyote.http11.Http11Protocol start
INFO: Starting Coyote HTTP/1.1 on http-8080
Oct 1, 2008 1:42:23 PM org.apache.jk.common.ChannelSocket init
INFO: JK: ajp13 listening on /0.0.0.0:8009
Oct 1, 2008 1:42:23 PM org.apache.jk.server.JkMain start
INFO: Jk running ID=0 time=0/31  config=null
Oct 1, 2008 1:42:23 PM org.apache.catalina.startup.Catalina start
INFO: Server startup in 4810 ms
Oct 1, 2008 1:43:10 PM org.apache.coyote.http11.Http11Protocol pause
INFO: Pausing Coyote HTTP/1.1 on http-8080
Oct 1, 2008 1:43:11 PM org.apache.catalina.core.StandardService stop
INFO: Stopping service Catalina
Oct 1, 2008 1:43:13 PM org.apache.coyote.http11.Http11Protocol destroy
INFO: Stopping Coyote HTTP/1.1 on http-8080
Oct 1, 2008 1:43:29 PM org.apache.catalina.core.AprLifecycleListener init
INFO: The Apache Tomcat Native library which allows optimal performance in production environments was not found on the java.library.path: C:\j2sdk1.5.12\bin;.;C:\WINNT\system32;C:\WINNT;C:\j2sdk1.5.12/bin;C:\mojo\guice;C:\mojo\gwt-windows-1.4.61;C:\j2sdk1.4.2_08\bin;C:\apache-ant-1.7.0\bin;C:\maven\maven-2.0.7\bin;C:\WINNT\system32;C:\WINNT;C:\WINNT\System32\Wbem;C:\Program Files\GnuWin32\bin;c:\Program Files\IBM\Trace Facility\;c:\Program Files\IBM\Personal Communications\;C:\Program Files\Windows Imaging\
Oct 1, 2008 1:43:30 PM org.apache.coyote.http11.Http11Protocol init
INFO: Initializing Coyote HTTP/1.1 on http-8080
Oct 1, 2008 1:43:30 PM org.apache.catalina.startup.Catalina load
INFO: Initialization processed in 1096 ms
Oct 1, 2008 1:43:30 PM org.apache.catalina.core.StandardService start
INFO: Starting service Catalina
Oct 1, 2008 1:43:30 PM org.apache.catalina.core.StandardEngine start
INFO: Starting Servlet Engine: Apache Tomcat/6.0.14
Oct 1, 2008 1:43:35 PM org.apache.coyote.http11.Http11Protocol start
INFO: Starting Coyote HTTP/1.1 on http-8080
Oct 1, 2008 1:43:35 PM org.apache.jk.common.ChannelSocket init
INFO: JK: ajp13 listening on /0.0.0.0:8009
Oct 1, 2008 1:43:35 PM org.apache.jk.server.JkMain start
INFO: Jk running ID=0 time=0/31  config=null
Oct 1, 2008 1:43:35 PM org.apache.catalina.startup.Catalina start
INFO: Server startup in 5842 ms
Oct 1, 2008 2:13:35 PM org.apache.coyote.http11.Http11Protocol pause
INFO: Pausing Coyote HTTP/1.1 on http-8080
Oct 1, 2008 2:13:36 PM org.apache.catalina.core.StandardService stop
INFO: Stopping service Catalina
Oct 1, 2008 2:13:37 PM org.apache.coyote.http11.Http11Protocol destroy
INFO: Stopping Coyote HTTP/1.1 on http-8080
