Oct 2, 2008 10:37:54 AM org.apache.catalina.core.AprLifecycleListener init
INFO: The Apache Tomcat Native library which allows optimal performance in production environments was not found on the java.library.path: /usr/lib/jvm/java-1.5.0-sun-1.5.0.06/jre/lib/i386/client:/usr/lib/jvm/java-1.5.0-sun-1.5.0.06/jre/lib/i386:/usr/lib/jvm/java-1.5.0-sun-1.5.0.06/jre/../lib/i386
Oct 2, 2008 10:37:54 AM org.apache.coyote.http11.Http11Protocol init
INFO: Initializing Coyote HTTP/1.1 on http-8080
Oct 2, 2008 10:37:54 AM org.apache.catalina.startup.Catalina load
INFO: Initialization processed in 1315 ms
Oct 2, 2008 10:37:54 AM org.apache.catalina.core.StandardService start
INFO: Starting service Catalina
Oct 2, 2008 10:37:54 AM org.apache.catalina.core.StandardEngine start
INFO: Starting Servlet Engine: Apache Tomcat/6.0.14
Oct 2, 2008 10:38:33 AM org.apache.coyote.http11.Http11Protocol start
INFO: Starting Coyote HTTP/1.1 on http-8080
Oct 2, 2008 10:38:33 AM org.apache.jk.common.ChannelSocket init
INFO: JK: ajp13 listening on /0.0.0.0:8009
Oct 2, 2008 10:38:33 AM org.apache.jk.server.JkMain start
INFO: Jk running ID=0 time=0/83  config=null
Oct 2, 2008 10:38:33 AM org.apache.catalina.startup.Catalina start
INFO: Server startup in 39260 ms
Oct 2, 2008 10:50:59 AM org.apache.coyote.http11.Http11Protocol pause
INFO: Pausing Coyote HTTP/1.1 on http-8080
Oct 2, 2008 10:51:00 AM org.apache.catalina.core.StandardService stop
INFO: Stopping service Catalina
Oct 2, 2008 10:51:02 AM org.apache.coyote.http11.Http11Protocol destroy
INFO: Stopping Coyote HTTP/1.1 on http-8080
Oct 2, 2008 10:51:21 AM org.apache.catalina.core.AprLifecycleListener init
INFO: The Apache Tomcat Native library which allows optimal performance in production environments was not found on the java.library.path: /usr/lib/jvm/java-1.5.0-sun-1.5.0.06/jre/lib/i386/client:/usr/lib/jvm/java-1.5.0-sun-1.5.0.06/jre/lib/i386:/usr/lib/jvm/java-1.5.0-sun-1.5.0.06/jre/../lib/i386
Oct 2, 2008 10:51:21 AM org.apache.coyote.http11.Http11Protocol init
INFO: Initializing Coyote HTTP/1.1 on http-8080
Oct 2, 2008 10:51:21 AM org.apache.catalina.startup.Catalina load
INFO: Initialization processed in 1102 ms
Oct 2, 2008 10:51:21 AM org.apache.catalina.core.StandardService start
INFO: Starting service Catalina
Oct 2, 2008 10:51:21 AM org.apache.catalina.core.StandardEngine start
INFO: Starting Servlet Engine: Apache Tomcat/6.0.14
Oct 2, 2008 10:51:54 AM org.apache.coyote.http11.Http11Protocol start
INFO: Starting Coyote HTTP/1.1 on http-8080
Oct 2, 2008 10:51:55 AM org.apache.jk.common.ChannelSocket init
INFO: JK: ajp13 listening on /0.0.0.0:8009
Oct 2, 2008 10:51:55 AM org.apache.jk.server.JkMain start
INFO: Jk running ID=0 time=1/40  config=null
Oct 2, 2008 10:51:55 AM org.apache.catalina.startup.Catalina start
INFO: Server startup in 33746 ms
Oct 2, 2008 11:03:06 AM org.apache.coyote.http11.Http11Protocol pause
INFO: Pausing Coyote HTTP/1.1 on http-8080
Oct 2, 2008 11:03:07 AM org.apache.catalina.core.StandardService stop
INFO: Stopping service Catalina
Oct 2, 2008 11:03:09 AM org.apache.coyote.http11.Http11Protocol destroy
INFO: Stopping Coyote HTTP/1.1 on http-8080
Oct 2, 2008 11:03:47 AM org.apache.catalina.core.AprLifecycleListener init
INFO: The Apache Tomcat Native library which allows optimal performance in production environments was not found on the java.library.path: /usr/lib/jvm/java-1.5.0-sun-1.5.0.06/jre/lib/i386/client:/usr/lib/jvm/java-1.5.0-sun-1.5.0.06/jre/lib/i386:/usr/lib/jvm/java-1.5.0-sun-1.5.0.06/jre/../lib/i386
Oct 2, 2008 11:03:47 AM org.apache.coyote.http11.Http11Protocol init
INFO: Initializing Coyote HTTP/1.1 on http-8080
Oct 2, 2008 11:03:47 AM org.apache.catalina.startup.Catalina load
INFO: Initialization processed in 1512 ms
Oct 2, 2008 11:03:47 AM org.apache.catalina.core.StandardService start
INFO: Starting service Catalina
Oct 2, 2008 11:03:47 AM org.apache.catalina.core.StandardEngine start
INFO: Starting Servlet Engine: Apache Tomcat/6.0.14
Oct 2, 2008 11:04:15 AM org.apache.coyote.http11.Http11Protocol start
INFO: Starting Coyote HTTP/1.1 on http-8080
Oct 2, 2008 11:04:15 AM org.apache.jk.common.ChannelSocket init
INFO: JK: ajp13 listening on /0.0.0.0:8009
Oct 2, 2008 11:04:15 AM org.apache.jk.server.JkMain start
INFO: Jk running ID=0 time=0/45  config=null
Oct 2, 2008 11:04:16 AM org.apache.catalina.startup.Catalina start
INFO: Server startup in 28831 ms
Oct 2, 2008 11:10:39 AM org.apache.coyote.http11.Http11Protocol pause
INFO: Pausing Coyote HTTP/1.1 on http-8080
Oct 2, 2008 11:10:40 AM org.apache.catalina.core.StandardService stop
INFO: Stopping service Catalina
Oct 2, 2008 11:10:41 AM org.apache.coyote.http11.Http11Protocol destroy
INFO: Stopping Coyote HTTP/1.1 on http-8080
Oct 2, 2008 11:12:07 AM org.apache.catalina.core.AprLifecycleListener init
INFO: The Apache Tomcat Native library which allows optimal performance in production environments was not found on the java.library.path: /usr/lib/jvm/java-1.5.0-sun-1.5.0.06/jre/lib/i386/client:/usr/lib/jvm/java-1.5.0-sun-1.5.0.06/jre/lib/i386:/usr/lib/jvm/java-1.5.0-sun-1.5.0.06/jre/../lib/i386
Oct 2, 2008 11:12:07 AM org.apache.coyote.http11.Http11Protocol init
INFO: Initializing Coyote HTTP/1.1 on http-8080
Oct 2, 2008 11:12:07 AM org.apache.catalina.startup.Catalina load
INFO: Initialization processed in 1158 ms
Oct 2, 2008 11:12:07 AM org.apache.catalina.core.StandardService start
INFO: Starting service Catalina
Oct 2, 2008 11:12:07 AM org.apache.catalina.core.StandardEngine start
INFO: Starting Servlet Engine: Apache Tomcat/6.0.14
Oct 2, 2008 11:12:24 AM org.apache.coyote.http11.Http11Protocol start
INFO: Starting Coyote HTTP/1.1 on http-8080
Oct 2, 2008 11:12:24 AM org.apache.jk.common.ChannelSocket init
INFO: JK: ajp13 listening on /0.0.0.0:8009
Oct 2, 2008 11:12:24 AM org.apache.jk.server.JkMain start
INFO: Jk running ID=0 time=0/42  config=null
Oct 2, 2008 11:12:25 AM org.apache.catalina.startup.Catalina start
INFO: Server startup in 17833 ms
Oct 2, 2008 11:13:35 AM org.apache.coyote.http11.Http11Protocol pause
INFO: Pausing Coyote HTTP/1.1 on http-8080
Oct 2, 2008 11:13:36 AM org.apache.catalina.core.StandardService stop
INFO: Stopping service Catalina
Oct 2, 2008 11:13:37 AM org.apache.coyote.http11.Http11Protocol destroy
INFO: Stopping Coyote HTTP/1.1 on http-8080
Oct 2, 2008 11:15:53 AM org.apache.catalina.core.AprLifecycleListener init
INFO: The Apache Tomcat Native library which allows optimal performance in production environments was not found on the java.library.path: /usr/lib/jvm/java-1.5.0-sun-1.5.0.06/jre/lib/i386/client:/usr/lib/jvm/java-1.5.0-sun-1.5.0.06/jre/lib/i386:/usr/lib/jvm/java-1.5.0-sun-1.5.0.06/jre/../lib/i386
Oct 2, 2008 11:15:54 AM org.apache.coyote.http11.Http11Protocol init
INFO: Initializing Coyote HTTP/1.1 on http-8080
Oct 2, 2008 11:15:54 AM org.apache.catalina.startup.Catalina load
INFO: Initialization processed in 1159 ms
Oct 2, 2008 11:15:54 AM org.apache.catalina.core.StandardService start
INFO: Starting service Catalina
Oct 2, 2008 11:15:54 AM org.apache.catalina.core.StandardEngine start
INFO: Starting Servlet Engine: Apache Tomcat/6.0.14
Oct 2, 2008 11:16:24 AM org.apache.coyote.http11.Http11Protocol start
INFO: Starting Coyote HTTP/1.1 on http-8080
Oct 2, 2008 11:16:24 AM org.apache.jk.common.ChannelSocket init
INFO: JK: ajp13 listening on /0.0.0.0:8009
Oct 2, 2008 11:16:24 AM org.apache.jk.server.JkMain start
INFO: Jk running ID=0 time=0/49  config=null
Oct 2, 2008 11:16:24 AM org.apache.catalina.startup.Catalina start
INFO: Server startup in 30623 ms
Oct 2, 2008 11:29:23 AM org.apache.coyote.http11.Http11Protocol pause
INFO: Pausing Coyote HTTP/1.1 on http-8080
Oct 2, 2008 11:29:24 AM org.apache.catalina.core.StandardService stop
INFO: Stopping service Catalina
Oct 2, 2008 11:29:25 AM org.apache.coyote.http11.Http11Protocol destroy
INFO: Stopping Coyote HTTP/1.1 on http-8080
Oct 2, 2008 11:29:45 AM org.apache.catalina.core.AprLifecycleListener init
INFO: The Apache Tomcat Native library which allows optimal performance in production environments was not found on the java.library.path: /usr/lib/jvm/java-1.5.0-sun-1.5.0.06/jre/lib/i386/client:/usr/lib/jvm/java-1.5.0-sun-1.5.0.06/jre/lib/i386:/usr/lib/jvm/java-1.5.0-sun-1.5.0.06/jre/../lib/i386
Oct 2, 2008 11:29:45 AM org.apache.coyote.http11.Http11Protocol init
INFO: Initializing Coyote HTTP/1.1 on http-8080
Oct 2, 2008 11:29:45 AM org.apache.catalina.startup.Catalina load
INFO: Initialization processed in 1252 ms
Oct 2, 2008 11:29:46 AM org.apache.catalina.core.StandardService start
INFO: Starting service Catalina
Oct 2, 2008 11:29:46 AM org.apache.catalina.core.StandardEngine start
INFO: Starting Servlet Engine: Apache Tomcat/6.0.14
Oct 2, 2008 11:30:03 AM org.apache.coyote.http11.Http11Protocol start
INFO: Starting Coyote HTTP/1.1 on http-8080
Oct 2, 2008 11:30:03 AM org.apache.jk.common.ChannelSocket init
INFO: JK: ajp13 listening on /0.0.0.0:8009
Oct 2, 2008 11:30:03 AM org.apache.jk.server.JkMain start
INFO: Jk running ID=0 time=0/50  config=null
Oct 2, 2008 11:30:03 AM org.apache.catalina.startup.Catalina start
INFO: Server startup in 17641 ms
Oct 2, 2008 11:34:07 AM org.apache.coyote.http11.Http11Protocol pause
INFO: Pausing Coyote HTTP/1.1 on http-8080
Oct 2, 2008 11:34:08 AM org.apache.catalina.core.StandardService stop
INFO: Stopping service Catalina
Oct 2, 2008 11:34:09 AM org.apache.coyote.http11.Http11Protocol destroy
INFO: Stopping Coyote HTTP/1.1 on http-8080
Oct 2, 2008 11:34:28 AM org.apache.catalina.core.AprLifecycleListener init
INFO: The Apache Tomcat Native library which allows optimal performance in production environments was not found on the java.library.path: /usr/lib/jvm/java-1.5.0-sun-1.5.0.06/jre/lib/i386/client:/usr/lib/jvm/java-1.5.0-sun-1.5.0.06/jre/lib/i386:/usr/lib/jvm/java-1.5.0-sun-1.5.0.06/jre/../lib/i386
Oct 2, 2008 11:34:28 AM org.apache.coyote.http11.Http11Protocol init
INFO: Initializing Coyote HTTP/1.1 on http-8080
Oct 2, 2008 11:34:28 AM org.apache.catalina.startup.Catalina load
INFO: Initialization processed in 1104 ms
Oct 2, 2008 11:34:28 AM org.apache.catalina.core.StandardService start
INFO: Starting service Catalina
Oct 2, 2008 11:34:28 AM org.apache.catalina.core.StandardEngine start
INFO: Starting Servlet Engine: Apache Tomcat/6.0.14
Oct 2, 2008 11:34:58 AM org.apache.coyote.http11.Http11Protocol start
INFO: Starting Coyote HTTP/1.1 on http-8080
Oct 2, 2008 11:34:58 AM org.apache.jk.common.ChannelSocket init
INFO: JK: ajp13 listening on /0.0.0.0:8009
Oct 2, 2008 11:34:58 AM org.apache.jk.server.JkMain start
INFO: Jk running ID=0 time=1/41  config=null
Oct 2, 2008 11:34:58 AM org.apache.catalina.startup.Catalina start
INFO: Server startup in 30252 ms
Oct 2, 2008 11:41:28 AM org.apache.coyote.http11.Http11Protocol pause
INFO: Pausing Coyote HTTP/1.1 on http-8080
Oct 2, 2008 11:41:29 AM org.apache.catalina.core.StandardService stop
INFO: Stopping service Catalina
Oct 2, 2008 11:41:30 AM org.apache.coyote.http11.Http11Protocol destroy
INFO: Stopping Coyote HTTP/1.1 on http-8080
Oct 2, 2008 11:41:46 AM org.apache.catalina.core.AprLifecycleListener init
INFO: The Apache Tomcat Native library which allows optimal performance in production environments was not found on the java.library.path: /usr/lib/jvm/java-1.5.0-sun-1.5.0.06/jre/lib/i386/client:/usr/lib/jvm/java-1.5.0-sun-1.5.0.06/jre/lib/i386:/usr/lib/jvm/java-1.5.0-sun-1.5.0.06/jre/../lib/i386
Oct 2, 2008 11:41:46 AM org.apache.coyote.http11.Http11Protocol init
INFO: Initializing Coyote HTTP/1.1 on http-8080
Oct 2, 2008 11:41:46 AM org.apache.catalina.startup.Catalina load
INFO: Initialization processed in 1528 ms
Oct 2, 2008 11:41:46 AM org.apache.catalina.core.StandardService start
INFO: Starting service Catalina
Oct 2, 2008 11:41:47 AM org.apache.catalina.core.StandardEngine start
INFO: Starting Servlet Engine: Apache Tomcat/6.0.14
Oct 2, 2008 11:42:18 AM org.apache.coyote.http11.Http11Protocol start
INFO: Starting Coyote HTTP/1.1 on http-8080
Oct 2, 2008 11:42:18 AM org.apache.jk.common.ChannelSocket init
INFO: JK: ajp13 listening on /0.0.0.0:8009
Oct 2, 2008 11:42:18 AM org.apache.jk.server.JkMain start
INFO: Jk running ID=0 time=0/63  config=null
Oct 2, 2008 11:42:18 AM org.apache.catalina.startup.Catalina start
INFO: Server startup in 31923 ms
Oct 2, 2008 11:47:41 AM org.apache.coyote.http11.Http11Protocol pause
INFO: Pausing Coyote HTTP/1.1 on http-8080
Oct 2, 2008 11:47:42 AM org.apache.catalina.core.StandardService stop
INFO: Stopping service Catalina
Oct 2, 2008 11:47:43 AM org.apache.coyote.http11.Http11Protocol destroy
INFO: Stopping Coyote HTTP/1.1 on http-8080
Oct 2, 2008 11:47:57 AM org.apache.catalina.core.AprLifecycleListener init
INFO: The Apache Tomcat Native library which allows optimal performance in production environments was not found on the java.library.path: /usr/lib/jvm/java-1.5.0-sun-1.5.0.06/jre/lib/i386/client:/usr/lib/jvm/java-1.5.0-sun-1.5.0.06/jre/lib/i386:/usr/lib/jvm/java-1.5.0-sun-1.5.0.06/jre/../lib/i386
Oct 2, 2008 11:47:57 AM org.apache.coyote.http11.Http11Protocol init
INFO: Initializing Coyote HTTP/1.1 on http-8080
Oct 2, 2008 11:47:57 AM org.apache.catalina.startup.Catalina load
INFO: Initialization processed in 1096 ms
Oct 2, 2008 11:47:57 AM org.apache.catalina.core.StandardService start
INFO: Starting service Catalina
Oct 2, 2008 11:47:57 AM org.apache.catalina.core.StandardEngine start
INFO: Starting Servlet Engine: Apache Tomcat/6.0.14
Oct 2, 2008 11:48:18 AM org.apache.coyote.http11.Http11Protocol start
INFO: Starting Coyote HTTP/1.1 on http-8080
Oct 2, 2008 11:48:18 AM org.apache.jk.common.ChannelSocket init
INFO: JK: ajp13 listening on /0.0.0.0:8009
Oct 2, 2008 11:48:18 AM org.apache.jk.server.JkMain start
INFO: Jk running ID=0 time=0/381  config=null
Oct 2, 2008 11:48:18 AM org.apache.catalina.startup.Catalina start
INFO: Server startup in 21301 ms
Oct 2, 2008 12:10:49 PM org.apache.coyote.http11.Http11Protocol pause
INFO: Pausing Coyote HTTP/1.1 on http-8080
Oct 2, 2008 12:10:50 PM org.apache.catalina.core.StandardService stop
INFO: Stopping service Catalina
Oct 2, 2008 12:10:51 PM org.apache.coyote.http11.Http11Protocol destroy
INFO: Stopping Coyote HTTP/1.1 on http-8080
Oct 2, 2008 12:39:48 PM org.apache.catalina.core.AprLifecycleListener init
INFO: The Apache Tomcat Native library which allows optimal performance in production environments was not found on the java.library.path: /usr/lib/jvm/java-1.5.0-sun-1.5.0.06/jre/lib/i386/client:/usr/lib/jvm/java-1.5.0-sun-1.5.0.06/jre/lib/i386:/usr/lib/jvm/java-1.5.0-sun-1.5.0.06/jre/../lib/i386
Oct 2, 2008 12:39:49 PM org.apache.coyote.http11.Http11Protocol init
INFO: Initializing Coyote HTTP/1.1 on http-8080
Oct 2, 2008 12:39:49 PM org.apache.catalina.startup.Catalina load
INFO: Initialization processed in 1125 ms
Oct 2, 2008 12:39:49 PM org.apache.catalina.core.StandardService start
INFO: Starting service Catalina
Oct 2, 2008 12:39:49 PM org.apache.catalina.core.StandardEngine start
INFO: Starting Servlet Engine: Apache Tomcat/6.0.14
Oct 2, 2008 12:40:19 PM org.apache.coyote.http11.Http11Protocol start
INFO: Starting Coyote HTTP/1.1 on http-8080
Oct 2, 2008 12:40:19 PM org.apache.jk.common.ChannelSocket init
INFO: JK: ajp13 listening on /0.0.0.0:8009
Oct 2, 2008 12:40:19 PM org.apache.jk.server.JkMain start
INFO: Jk running ID=0 time=0/50  config=null
Oct 2, 2008 12:40:19 PM org.apache.catalina.startup.Catalina start
INFO: Server startup in 30734 ms
Oct 2, 2008 12:50:15 PM org.apache.coyote.http11.Http11Protocol pause
INFO: Pausing Coyote HTTP/1.1 on http-8080
Oct 2, 2008 12:50:16 PM org.apache.catalina.core.StandardService stop
INFO: Stopping service Catalina
Oct 2, 2008 12:50:17 PM org.apache.coyote.http11.Http11Protocol destroy
INFO: Stopping Coyote HTTP/1.1 on http-8080
Oct 2, 2008 12:52:20 PM org.apache.catalina.core.AprLifecycleListener init
INFO: The Apache Tomcat Native library which allows optimal performance in production environments was not found on the java.library.path: /usr/lib/jvm/java-1.5.0-sun-1.5.0.06/jre/lib/i386/client:/usr/lib/jvm/java-1.5.0-sun-1.5.0.06/jre/lib/i386:/usr/lib/jvm/java-1.5.0-sun-1.5.0.06/jre/../lib/i386
Oct 2, 2008 12:52:20 PM org.apache.coyote.http11.Http11Protocol init
INFO: Initializing Coyote HTTP/1.1 on http-8080
Oct 2, 2008 12:52:20 PM org.apache.catalina.startup.Catalina load
INFO: Initialization processed in 1318 ms
Oct 2, 2008 12:52:21 PM org.apache.catalina.core.StandardService start
INFO: Starting service Catalina
Oct 2, 2008 12:52:21 PM org.apache.catalina.core.StandardEngine start
INFO: Starting Servlet Engine: Apache Tomcat/6.0.14
Oct 2, 2008 12:52:53 PM org.apache.coyote.http11.Http11Protocol start
INFO: Starting Coyote HTTP/1.1 on http-8080
Oct 2, 2008 12:52:53 PM org.apache.jk.common.ChannelSocket init
INFO: JK: ajp13 listening on /0.0.0.0:8009
Oct 2, 2008 12:52:53 PM org.apache.jk.server.JkMain start
INFO: Jk running ID=0 time=1/49  config=null
Oct 2, 2008 12:52:53 PM org.apache.catalina.startup.Catalina start
INFO: Server startup in 33028 ms
Oct 2, 2008 1:02:15 PM org.apache.coyote.http11.Http11Protocol pause
INFO: Pausing Coyote HTTP/1.1 on http-8080
Oct 2, 2008 1:02:16 PM org.apache.catalina.core.StandardService stop
INFO: Stopping service Catalina
Oct 2, 2008 1:02:17 PM org.apache.coyote.http11.Http11Protocol destroy
INFO: Stopping Coyote HTTP/1.1 on http-8080
Oct 2, 2008 1:02:47 PM org.apache.catalina.core.AprLifecycleListener init
INFO: The Apache Tomcat Native library which allows optimal performance in production environments was not found on the java.library.path: /usr/lib/jvm/java-1.5.0-sun-1.5.0.06/jre/lib/i386/client:/usr/lib/jvm/java-1.5.0-sun-1.5.0.06/jre/lib/i386:/usr/lib/jvm/java-1.5.0-sun-1.5.0.06/jre/../lib/i386
Oct 2, 2008 1:02:47 PM org.apache.coyote.http11.Http11Protocol init
INFO: Initializing Coyote HTTP/1.1 on http-8080
Oct 2, 2008 1:02:47 PM org.apache.catalina.startup.Catalina load
INFO: Initialization processed in 1714 ms
Oct 2, 2008 1:02:47 PM org.apache.catalina.core.StandardService start
INFO: Starting service Catalina
Oct 2, 2008 1:02:47 PM org.apache.catalina.core.StandardEngine start
INFO: Starting Servlet Engine: Apache Tomcat/6.0.14
Oct 2, 2008 1:03:20 PM org.apache.coyote.http11.Http11Protocol start
INFO: Starting Coyote HTTP/1.1 on http-8080
Oct 2, 2008 1:03:20 PM org.apache.jk.common.ChannelSocket init
INFO: JK: ajp13 listening on /0.0.0.0:8009
Oct 2, 2008 1:03:20 PM org.apache.jk.server.JkMain start
INFO: Jk running ID=0 time=0/49  config=null
Oct 2, 2008 1:03:20 PM org.apache.catalina.startup.Catalina start
INFO: Server startup in 33506 ms
Oct 2, 2008 1:12:53 PM org.apache.coyote.http11.Http11Protocol pause
INFO: Pausing Coyote HTTP/1.1 on http-8080
Oct 2, 2008 1:12:54 PM org.apache.catalina.core.StandardService stop
INFO: Stopping service Catalina
Oct 2, 2008 1:12:55 PM org.apache.coyote.http11.Http11Protocol destroy
INFO: Stopping Coyote HTTP/1.1 on http-8080
Oct 2, 2008 1:29:20 PM org.apache.catalina.core.AprLifecycleListener init
INFO: The Apache Tomcat Native library which allows optimal performance in production environments was not found on the java.library.path: /usr/lib/jvm/java-1.5.0-sun-1.5.0.06/jre/lib/i386/client:/usr/lib/jvm/java-1.5.0-sun-1.5.0.06/jre/lib/i386:/usr/lib/jvm/java-1.5.0-sun-1.5.0.06/jre/../lib/i386
Oct 2, 2008 1:29:20 PM org.apache.coyote.http11.Http11Protocol init
INFO: Initializing Coyote HTTP/1.1 on http-8080
Oct 2, 2008 1:29:20 PM org.apache.catalina.startup.Catalina load
INFO: Initialization processed in 1208 ms
Oct 2, 2008 1:29:20 PM org.apache.catalina.core.StandardService start
INFO: Starting service Catalina
Oct 2, 2008 1:29:20 PM org.apache.catalina.core.StandardEngine start
INFO: Starting Servlet Engine: Apache Tomcat/6.0.14
Oct 2, 2008 1:29:39 PM org.apache.coyote.http11.Http11Protocol start
INFO: Starting Coyote HTTP/1.1 on http-8080
Oct 2, 2008 1:29:39 PM org.apache.jk.common.ChannelSocket init
INFO: JK: ajp13 listening on /0.0.0.0:8009
Oct 2, 2008 1:29:39 PM org.apache.jk.server.JkMain start
INFO: Jk running ID=0 time=0/51  config=null
Oct 2, 2008 1:29:39 PM org.apache.catalina.startup.Catalina start
INFO: Server startup in 19128 ms
Oct 2, 2008 1:32:25 PM org.apache.coyote.http11.Http11Protocol pause
INFO: Pausing Coyote HTTP/1.1 on http-8080
Oct 2, 2008 1:32:26 PM org.apache.catalina.core.StandardService stop
INFO: Stopping service Catalina
Oct 2, 2008 1:32:27 PM org.apache.coyote.http11.Http11Protocol destroy
INFO: Stopping Coyote HTTP/1.1 on http-8080
Oct 2, 2008 1:33:44 PM org.apache.catalina.core.AprLifecycleListener init
INFO: The Apache Tomcat Native library which allows optimal performance in production environments was not found on the java.library.path: /usr/lib/jvm/java-1.5.0-sun-1.5.0.06/jre/lib/i386/client:/usr/lib/jvm/java-1.5.0-sun-1.5.0.06/jre/lib/i386:/usr/lib/jvm/java-1.5.0-sun-1.5.0.06/jre/../lib/i386
Oct 2, 2008 1:33:44 PM org.apache.coyote.http11.Http11Protocol init
INFO: Initializing Coyote HTTP/1.1 on http-8080
Oct 2, 2008 1:33:44 PM org.apache.catalina.startup.Catalina load
INFO: Initialization processed in 1156 ms
Oct 2, 2008 1:33:44 PM org.apache.catalina.core.StandardService start
INFO: Starting service Catalina
Oct 2, 2008 1:33:44 PM org.apache.catalina.core.StandardEngine start
INFO: Starting Servlet Engine: Apache Tomcat/6.0.14
Oct 2, 2008 1:34:08 PM org.apache.coyote.http11.Http11Protocol start
INFO: Starting Coyote HTTP/1.1 on http-8080
Oct 2, 2008 1:34:08 PM org.apache.jk.common.ChannelSocket init
INFO: JK: ajp13 listening on /0.0.0.0:8009
Oct 2, 2008 1:34:08 PM org.apache.jk.server.JkMain start
INFO: Jk running ID=0 time=0/497  config=null
Oct 2, 2008 1:34:08 PM org.apache.catalina.startup.Catalina start
INFO: Server startup in 24153 ms
Oct 2, 2008 1:35:04 PM org.apache.coyote.http11.Http11Protocol pause
INFO: Pausing Coyote HTTP/1.1 on http-8080
Oct 2, 2008 1:35:05 PM org.apache.catalina.core.StandardService stop
INFO: Stopping service Catalina
Oct 2, 2008 1:35:06 PM org.apache.coyote.http11.Http11Protocol destroy
INFO: Stopping Coyote HTTP/1.1 on http-8080
Oct 2, 2008 1:47:49 PM org.apache.catalina.core.AprLifecycleListener init
INFO: The Apache Tomcat Native library which allows optimal performance in production environments was not found on the java.library.path: /usr/lib/jvm/java-1.5.0-sun-1.5.0.06/jre/lib/i386/client:/usr/lib/jvm/java-1.5.0-sun-1.5.0.06/jre/lib/i386:/usr/lib/jvm/java-1.5.0-sun-1.5.0.06/jre/../lib/i386
Oct 2, 2008 1:47:49 PM org.apache.coyote.http11.Http11Protocol init
INFO: Initializing Coyote HTTP/1.1 on http-8080
Oct 2, 2008 1:47:49 PM org.apache.catalina.startup.Catalina load
INFO: Initialization processed in 1089 ms
Oct 2, 2008 1:47:49 PM org.apache.catalina.core.StandardService start
INFO: Starting service Catalina
Oct 2, 2008 1:47:49 PM org.apache.catalina.core.StandardEngine start
INFO: Starting Servlet Engine: Apache Tomcat/6.0.14
Oct 2, 2008 1:48:19 PM org.apache.coyote.http11.Http11Protocol start
INFO: Starting Coyote HTTP/1.1 on http-8080
Oct 2, 2008 1:48:20 PM org.apache.jk.common.ChannelSocket init
INFO: JK: ajp13 listening on /0.0.0.0:8009
Oct 2, 2008 1:48:20 PM org.apache.jk.server.JkMain start
INFO: Jk running ID=0 time=0/45  config=null
Oct 2, 2008 1:48:20 PM org.apache.catalina.startup.Catalina start
INFO: Server startup in 31506 ms
Oct 2, 2008 1:53:29 PM org.apache.coyote.http11.Http11Protocol pause
INFO: Pausing Coyote HTTP/1.1 on http-8080
Oct 2, 2008 1:53:30 PM org.apache.catalina.core.StandardService stop
INFO: Stopping service Catalina
Oct 2, 2008 1:53:31 PM org.apache.coyote.http11.Http11Protocol destroy
INFO: Stopping Coyote HTTP/1.1 on http-8080
Oct 2, 2008 1:54:32 PM org.apache.catalina.core.AprLifecycleListener init
INFO: The Apache Tomcat Native library which allows optimal performance in production environments was not found on the java.library.path: /usr/lib/jvm/java-1.5.0-sun-1.5.0.06/jre/lib/i386/client:/usr/lib/jvm/java-1.5.0-sun-1.5.0.06/jre/lib/i386:/usr/lib/jvm/java-1.5.0-sun-1.5.0.06/jre/../lib/i386
Oct 2, 2008 1:54:32 PM org.apache.coyote.http11.Http11Protocol init
INFO: Initializing Coyote HTTP/1.1 on http-8080
Oct 2, 2008 1:54:32 PM org.apache.catalina.startup.Catalina load
INFO: Initialization processed in 1251 ms
Oct 2, 2008 1:54:32 PM org.apache.catalina.core.StandardService start
INFO: Starting service Catalina
Oct 2, 2008 1:54:32 PM org.apache.catalina.core.StandardEngine start
INFO: Starting Servlet Engine: Apache Tomcat/6.0.14
Oct 2, 2008 1:54:48 PM org.apache.coyote.http11.Http11Protocol start
INFO: Starting Coyote HTTP/1.1 on http-8080
Oct 2, 2008 1:54:48 PM org.apache.jk.common.ChannelSocket init
INFO: JK: ajp13 listening on /0.0.0.0:8009
Oct 2, 2008 1:54:48 PM org.apache.jk.server.JkMain start
INFO: Jk running ID=0 time=0/44  config=null
Oct 2, 2008 1:54:48 PM org.apache.catalina.startup.Catalina start
INFO: Server startup in 15904 ms
Oct 2, 2008 2:27:05 PM org.apache.coyote.http11.Http11Protocol pause
INFO: Pausing Coyote HTTP/1.1 on http-8080
Oct 2, 2008 2:27:06 PM org.apache.catalina.core.StandardService stop
INFO: Stopping service Catalina
Oct 2, 2008 2:27:08 PM org.apache.coyote.http11.Http11Protocol destroy
INFO: Stopping Coyote HTTP/1.1 on http-8080
Oct 2, 2008 2:30:24 PM org.apache.catalina.core.AprLifecycleListener init
INFO: The Apache Tomcat Native library which allows optimal performance in production environments was not found on the java.library.path: /usr/lib/jvm/java-1.5.0-sun-1.5.0.06/jre/lib/i386/client:/usr/lib/jvm/java-1.5.0-sun-1.5.0.06/jre/lib/i386:/usr/lib/jvm/java-1.5.0-sun-1.5.0.06/jre/../lib/i386
Oct 2, 2008 2:30:24 PM org.apache.coyote.http11.Http11Protocol init
INFO: Initializing Coyote HTTP/1.1 on http-8080
Oct 2, 2008 2:30:24 PM org.apache.catalina.startup.Catalina load
INFO: Initialization processed in 1105 ms
Oct 2, 2008 2:30:25 PM org.apache.catalina.core.StandardService start
INFO: Starting service Catalina
Oct 2, 2008 2:30:25 PM org.apache.catalina.core.StandardEngine start
INFO: Starting Servlet Engine: Apache Tomcat/6.0.14
Oct 2, 2008 2:31:01 PM org.apache.coyote.http11.Http11Protocol start
INFO: Starting Coyote HTTP/1.1 on http-8080
Oct 2, 2008 2:31:01 PM org.apache.jk.common.ChannelSocket init
INFO: JK: ajp13 listening on /0.0.0.0:8009
Oct 2, 2008 2:31:01 PM org.apache.jk.server.JkMain start
INFO: Jk running ID=0 time=0/56  config=null
Oct 2, 2008 2:31:01 PM org.apache.catalina.startup.Catalina start
INFO: Server startup in 36324 ms
Oct 2, 2008 2:32:46 PM org.apache.coyote.http11.Http11Protocol pause
INFO: Pausing Coyote HTTP/1.1 on http-8080
Oct 2, 2008 2:32:47 PM org.apache.catalina.core.StandardService stop
INFO: Stopping service Catalina
Oct 2, 2008 2:32:48 PM org.apache.coyote.http11.Http11Protocol destroy
INFO: Stopping Coyote HTTP/1.1 on http-8080
Oct 2, 2008 2:32:59 PM org.apache.catalina.core.AprLifecycleListener init
INFO: The Apache Tomcat Native library which allows optimal performance in production environments was not found on the java.library.path: /usr/lib/jvm/java-1.5.0-sun-1.5.0.06/jre/lib/i386/client:/usr/lib/jvm/java-1.5.0-sun-1.5.0.06/jre/lib/i386:/usr/lib/jvm/java-1.5.0-sun-1.5.0.06/jre/../lib/i386
Oct 2, 2008 2:32:59 PM org.apache.coyote.http11.Http11Protocol init
INFO: Initializing Coyote HTTP/1.1 on http-8080
Oct 2, 2008 2:32:59 PM org.apache.catalina.startup.Catalina load
INFO: Initialization processed in 1283 ms
Oct 2, 2008 2:33:00 PM org.apache.catalina.core.StandardService start
INFO: Starting service Catalina
Oct 2, 2008 2:33:00 PM org.apache.catalina.core.StandardEngine start
INFO: Starting Servlet Engine: Apache Tomcat/6.0.14
Oct 2, 2008 2:33:32 PM org.apache.coyote.http11.Http11Protocol start
INFO: Starting Coyote HTTP/1.1 on http-8080
Oct 2, 2008 2:33:33 PM org.apache.jk.common.ChannelSocket init
INFO: JK: ajp13 listening on /0.0.0.0:8009
Oct 2, 2008 2:33:33 PM org.apache.jk.server.JkMain start
INFO: Jk running ID=0 time=0/40  config=null
Oct 2, 2008 2:33:33 PM org.apache.catalina.startup.Catalina start
INFO: Server startup in 33277 ms
Oct 2, 2008 2:57:46 PM org.apache.coyote.http11.Http11Protocol pause
INFO: Pausing Coyote HTTP/1.1 on http-8080
Oct 2, 2008 2:57:47 PM org.apache.catalina.core.StandardService stop
INFO: Stopping service Catalina
Oct 2, 2008 2:57:48 PM org.apache.coyote.http11.Http11Protocol destroy
INFO: Stopping Coyote HTTP/1.1 on http-8080
Oct 2, 2008 2:58:10 PM org.apache.catalina.core.AprLifecycleListener init
INFO: The Apache Tomcat Native library which allows optimal performance in production environments was not found on the java.library.path: /usr/lib/jvm/java-1.5.0-sun-1.5.0.06/jre/lib/i386/client:/usr/lib/jvm/java-1.5.0-sun-1.5.0.06/jre/lib/i386:/usr/lib/jvm/java-1.5.0-sun-1.5.0.06/jre/../lib/i386
Oct 2, 2008 2:58:10 PM org.apache.coyote.http11.Http11Protocol init
INFO: Initializing Coyote HTTP/1.1 on http-8080
Oct 2, 2008 2:58:10 PM org.apache.catalina.startup.Catalina load
INFO: Initialization processed in 1632 ms
Oct 2, 2008 2:58:10 PM org.apache.catalina.core.StandardService start
INFO: Starting service Catalina
Oct 2, 2008 2:58:10 PM org.apache.catalina.core.StandardEngine start
INFO: Starting Servlet Engine: Apache Tomcat/6.0.14
Oct 2, 2008 2:58:33 PM org.apache.coyote.http11.Http11Protocol start
INFO: Starting Coyote HTTP/1.1 on http-8080
Oct 2, 2008 2:58:33 PM org.apache.jk.common.ChannelSocket init
INFO: JK: ajp13 listening on /0.0.0.0:8009
Oct 2, 2008 2:58:34 PM org.apache.jk.server.JkMain start
INFO: Jk running ID=0 time=0/319  config=null
Oct 2, 2008 2:58:34 PM org.apache.catalina.startup.Catalina start
INFO: Server startup in 23869 ms
Oct 2, 2008 3:49:34 PM org.apache.coyote.http11.Http11Protocol pause
INFO: Pausing Coyote HTTP/1.1 on http-8080
Oct 2, 2008 3:49:36 PM org.apache.catalina.core.StandardService stop
INFO: Stopping service Catalina
Oct 2, 2008 3:49:37 PM org.apache.coyote.http11.Http11Protocol destroy
INFO: Stopping Coyote HTTP/1.1 on http-8080
Oct 2, 2008 3:50:16 PM org.apache.catalina.core.AprLifecycleListener init
INFO: The Apache Tomcat Native library which allows optimal performance in production environments was not found on the java.library.path: /usr/lib/jvm/java-1.5.0-sun-1.5.0.06/jre/lib/i386/client:/usr/lib/jvm/java-1.5.0-sun-1.5.0.06/jre/lib/i386:/usr/lib/jvm/java-1.5.0-sun-1.5.0.06/jre/../lib/i386
Oct 2, 2008 3:50:16 PM org.apache.coyote.http11.Http11Protocol init
INFO: Initializing Coyote HTTP/1.1 on http-8080
Oct 2, 2008 3:50:16 PM org.apache.catalina.startup.Catalina load
INFO: Initialization processed in 1184 ms
Oct 2, 2008 3:50:16 PM org.apache.catalina.core.StandardService start
INFO: Starting service Catalina
Oct 2, 2008 3:50:16 PM org.apache.catalina.core.StandardEngine start
INFO: Starting Servlet Engine: Apache Tomcat/6.0.14
Oct 2, 2008 3:50:47 PM org.apache.coyote.http11.Http11Protocol start
INFO: Starting Coyote HTTP/1.1 on http-8080
Oct 2, 2008 3:50:47 PM org.apache.jk.common.ChannelSocket init
INFO: JK: ajp13 listening on /0.0.0.0:8009
Oct 2, 2008 3:50:47 PM org.apache.jk.server.JkMain start
INFO: Jk running ID=0 time=0/40  config=null
Oct 2, 2008 3:50:48 PM org.apache.catalina.startup.Catalina start
INFO: Server startup in 31769 ms
Oct 2, 2008 3:59:34 PM org.apache.coyote.http11.Http11Protocol pause
INFO: Pausing Coyote HTTP/1.1 on http-8080
Oct 2, 2008 3:59:35 PM org.apache.catalina.core.StandardService stop
INFO: Stopping service Catalina
Oct 2, 2008 3:59:36 PM org.apache.coyote.http11.Http11Protocol destroy
INFO: Stopping Coyote HTTP/1.1 on http-8080
Oct 2, 2008 3:59:50 PM org.apache.catalina.core.AprLifecycleListener init
INFO: The Apache Tomcat Native library which allows optimal performance in production environments was not found on the java.library.path: /usr/lib/jvm/java-1.5.0-sun-1.5.0.06/jre/lib/i386/client:/usr/lib/jvm/java-1.5.0-sun-1.5.0.06/jre/lib/i386:/usr/lib/jvm/java-1.5.0-sun-1.5.0.06/jre/../lib/i386
Oct 2, 2008 3:59:50 PM org.apache.coyote.http11.Http11Protocol init
INFO: Initializing Coyote HTTP/1.1 on http-8080
Oct 2, 2008 3:59:50 PM org.apache.catalina.startup.Catalina load
INFO: Initialization processed in 1146 ms
Oct 2, 2008 3:59:50 PM org.apache.catalina.core.StandardService start
INFO: Starting service Catalina
Oct 2, 2008 3:59:50 PM org.apache.catalina.core.StandardEngine start
INFO: Starting Servlet Engine: Apache Tomcat/6.0.14
Oct 2, 2008 4:00:23 PM org.apache.coyote.http11.Http11Protocol start
INFO: Starting Coyote HTTP/1.1 on http-8080
Oct 2, 2008 4:00:24 PM org.apache.jk.common.ChannelSocket init
INFO: JK: ajp13 listening on /0.0.0.0:8009
Oct 2, 2008 4:00:24 PM org.apache.jk.server.JkMain start
INFO: Jk running ID=0 time=0/326  config=null
Oct 2, 2008 4:00:24 PM org.apache.catalina.startup.Catalina start
INFO: Server startup in 33711 ms
Oct 2, 2008 5:17:42 PM org.apache.coyote.http11.Http11Protocol pause
INFO: Pausing Coyote HTTP/1.1 on http-8080
Oct 2, 2008 5:17:43 PM org.apache.catalina.core.StandardService stop
INFO: Stopping service Catalina
Oct 2, 2008 5:17:45 PM org.apache.coyote.http11.Http11Protocol destroy
INFO: Stopping Coyote HTTP/1.1 on http-8080
