Sep 27, 2008 11:48:07 AM org.apache.catalina.core.AprLifecycleListener init
INFO: The Apache Tomcat Native library which allows optimal performance in production environments was not found on the java.library.path: C:\j2sdk1.5.12\bin;.;C:\WINNT\system32;C:\WINNT;C:\j2sdk1.5.12/bin;C:\mojo\guice;C:\mojo\gwt-windows-1.4.61;C:\j2sdk1.4.2_08\bin;C:\apache-ant-1.7.0\bin;C:\maven\maven-2.0.7\bin;C:\WINNT\system32;C:\WINNT;C:\WINNT\System32\Wbem;C:\Program Files\GnuWin32\bin;c:\Program Files\IBM\Trace Facility\;c:\Program Files\IBM\Personal Communications\;C:\Program Files\Windows Imaging\
Sep 27, 2008 11:48:07 AM org.apache.coyote.http11.Http11Protocol init
INFO: Initializing Coyote HTTP/1.1 on http-8080
Sep 27, 2008 11:48:07 AM org.apache.catalina.startup.Catalina load
INFO: Initialization processed in 1123 ms
Sep 27, 2008 11:48:07 AM org.apache.catalina.core.StandardService start
INFO: Starting service Catalina
Sep 27, 2008 11:48:07 AM org.apache.catalina.core.StandardEngine start
INFO: Starting Servlet Engine: Apache Tomcat/6.0.14
Sep 27, 2008 11:48:12 AM org.apache.coyote.http11.Http11Protocol start
INFO: Starting Coyote HTTP/1.1 on http-8080
Sep 27, 2008 11:48:12 AM org.apache.jk.common.ChannelSocket init
INFO: JK: ajp13 listening on /0.0.0.0:8009
Sep 27, 2008 11:48:12 AM org.apache.jk.server.JkMain start
INFO: Jk running ID=0 time=0/46  config=null
Sep 27, 2008 11:48:12 AM org.apache.catalina.startup.Catalina start
INFO: Server startup in 5083 ms
Sep 27, 2008 11:48:56 AM org.apache.coyote.http11.Http11Protocol pause
INFO: Pausing Coyote HTTP/1.1 on http-8080
Sep 27, 2008 11:48:57 AM org.apache.catalina.core.StandardService stop
INFO: Stopping service Catalina
Sep 27, 2008 11:48:57 AM org.apache.coyote.http11.Http11Protocol destroy
INFO: Stopping Coyote HTTP/1.1 on http-8080
Sep 27, 2008 11:50:42 AM org.apache.catalina.core.AprLifecycleListener init
INFO: The Apache Tomcat Native library which allows optimal performance in production environments was not found on the java.library.path: C:\j2sdk1.5.12\bin;.;C:\WINNT\system32;C:\WINNT;C:\j2sdk1.5.12/bin;C:\mojo\guice;C:\mojo\gwt-windows-1.4.61;C:\j2sdk1.4.2_08\bin;C:\apache-ant-1.7.0\bin;C:\maven\maven-2.0.7\bin;C:\WINNT\system32;C:\WINNT;C:\WINNT\System32\Wbem;C:\Program Files\GnuWin32\bin;c:\Program Files\IBM\Trace Facility\;c:\Program Files\IBM\Personal Communications\;C:\Program Files\Windows Imaging\
Sep 27, 2008 11:50:43 AM org.apache.coyote.http11.Http11Protocol init
INFO: Initializing Coyote HTTP/1.1 on http-8080
Sep 27, 2008 11:50:43 AM org.apache.catalina.startup.Catalina load
INFO: Initialization processed in 653 ms
Sep 27, 2008 11:50:43 AM org.apache.catalina.core.StandardService start
INFO: Starting service Catalina
Sep 27, 2008 11:50:43 AM org.apache.catalina.core.StandardEngine start
INFO: Starting Servlet Engine: Apache Tomcat/6.0.14
Sep 27, 2008 11:50:45 AM org.apache.coyote.http11.Http11Protocol start
INFO: Starting Coyote HTTP/1.1 on http-8080
Sep 27, 2008 11:50:46 AM org.apache.jk.common.ChannelSocket init
INFO: JK: ajp13 listening on /0.0.0.0:8009
Sep 27, 2008 11:50:46 AM org.apache.jk.server.JkMain start
INFO: Jk running ID=0 time=0/31  config=null
Sep 27, 2008 11:50:46 AM org.apache.catalina.startup.Catalina start
INFO: Server startup in 3019 ms
Sep 27, 2008 11:54:16 AM org.apache.coyote.http11.Http11Protocol pause
INFO: Pausing Coyote HTTP/1.1 on http-8080
Sep 27, 2008 11:54:17 AM org.apache.catalina.core.StandardService stop
INFO: Stopping service Catalina
Sep 27, 2008 11:54:17 AM org.apache.coyote.http11.Http11Protocol destroy
INFO: Stopping Coyote HTTP/1.1 on http-8080
Sep 27, 2008 11:54:23 AM org.apache.catalina.core.AprLifecycleListener init
INFO: The Apache Tomcat Native library which allows optimal performance in production environments was not found on the java.library.path: C:\j2sdk1.5.12\bin;.;C:\WINNT\system32;C:\WINNT;C:\j2sdk1.5.12/bin;C:\mojo\guice;C:\mojo\gwt-windows-1.4.61;C:\j2sdk1.4.2_08\bin;C:\apache-ant-1.7.0\bin;C:\maven\maven-2.0.7\bin;C:\WINNT\system32;C:\WINNT;C:\WINNT\System32\Wbem;C:\Program Files\GnuWin32\bin;c:\Program Files\IBM\Trace Facility\;c:\Program Files\IBM\Personal Communications\;C:\Program Files\Windows Imaging\
Sep 27, 2008 11:54:23 AM org.apache.coyote.http11.Http11Protocol init
INFO: Initializing Coyote HTTP/1.1 on http-8080
Sep 27, 2008 11:54:23 AM org.apache.catalina.startup.Catalina load
INFO: Initialization processed in 653 ms
Sep 27, 2008 11:54:23 AM org.apache.catalina.core.StandardService start
INFO: Starting service Catalina
Sep 27, 2008 11:54:23 AM org.apache.catalina.core.StandardEngine start
INFO: Starting Servlet Engine: Apache Tomcat/6.0.14
Sep 27, 2008 11:54:26 AM org.apache.coyote.http11.Http11Protocol start
INFO: Starting Coyote HTTP/1.1 on http-8080
Sep 27, 2008 11:54:26 AM org.apache.jk.common.ChannelSocket init
INFO: JK: ajp13 listening on /0.0.0.0:8009
Sep 27, 2008 11:54:26 AM org.apache.jk.server.JkMain start
INFO: Jk running ID=0 time=0/31  config=null
Sep 27, 2008 11:54:26 AM org.apache.catalina.startup.Catalina start
INFO: Server startup in 2925 ms
Sep 27, 2008 11:54:53 AM org.apache.coyote.http11.Http11Protocol pause
INFO: Pausing Coyote HTTP/1.1 on http-8080
Sep 27, 2008 11:54:54 AM org.apache.catalina.core.StandardService stop
INFO: Stopping service Catalina
Sep 27, 2008 11:54:54 AM org.apache.coyote.http11.Http11Protocol destroy
INFO: Stopping Coyote HTTP/1.1 on http-8080
Sep 27, 2008 12:07:02 PM org.apache.catalina.core.AprLifecycleListener init
INFO: The Apache Tomcat Native library which allows optimal performance in production environments was not found on the java.library.path: C:\j2sdk1.5.12\bin;.;C:\WINNT\system32;C:\WINNT;C:\j2sdk1.5.12/bin;C:\mojo\guice;C:\mojo\gwt-windows-1.4.61;C:\j2sdk1.4.2_08\bin;C:\apache-ant-1.7.0\bin;C:\maven\maven-2.0.7\bin;C:\WINNT\system32;C:\WINNT;C:\WINNT\System32\Wbem;C:\Program Files\GnuWin32\bin;c:\Program Files\IBM\Trace Facility\;c:\Program Files\IBM\Personal Communications\;C:\Program Files\Windows Imaging\
Sep 27, 2008 12:07:02 PM org.apache.coyote.http11.Http11Protocol init
INFO: Initializing Coyote HTTP/1.1 on http-8080
Sep 27, 2008 12:07:02 PM org.apache.catalina.startup.Catalina load
INFO: Initialization processed in 649 ms
Sep 27, 2008 12:07:02 PM org.apache.catalina.core.StandardService start
INFO: Starting service Catalina
Sep 27, 2008 12:07:02 PM org.apache.catalina.core.StandardEngine start
INFO: Starting Servlet Engine: Apache Tomcat/6.0.14
Sep 27, 2008 12:07:05 PM org.apache.coyote.http11.Http11Protocol start
INFO: Starting Coyote HTTP/1.1 on http-8080
Sep 27, 2008 12:07:05 PM org.apache.jk.common.ChannelSocket init
INFO: JK: ajp13 listening on /0.0.0.0:8009
Sep 27, 2008 12:07:05 PM org.apache.jk.server.JkMain start
INFO: Jk running ID=0 time=0/32  config=null
Sep 27, 2008 12:07:05 PM org.apache.catalina.startup.Catalina start
INFO: Server startup in 3115 ms
Sep 27, 2008 2:31:30 PM org.apache.coyote.http11.Http11Protocol pause
INFO: Pausing Coyote HTTP/1.1 on http-8080
Sep 27, 2008 2:31:31 PM org.apache.catalina.core.StandardService stop
INFO: Stopping service Catalina
Sep 27, 2008 2:31:31 PM org.apache.coyote.http11.Http11Protocol destroy
INFO: Stopping Coyote HTTP/1.1 on http-8080
Sep 27, 2008 2:32:41 PM org.apache.catalina.core.AprLifecycleListener init
INFO: The Apache Tomcat Native library which allows optimal performance in production environments was not found on the java.library.path: C:\j2sdk1.5.12\bin;.;C:\WINNT\system32;C:\WINNT;C:\j2sdk1.5.12/bin;C:\mojo\guice;C:\mojo\gwt-windows-1.4.61;C:\j2sdk1.4.2_08\bin;C:\apache-ant-1.7.0\bin;C:\maven\maven-2.0.7\bin;C:\WINNT\system32;C:\WINNT;C:\WINNT\System32\Wbem;C:\Program Files\GnuWin32\bin;c:\Program Files\IBM\Trace Facility\;c:\Program Files\IBM\Personal Communications\;C:\Program Files\Windows Imaging\
Sep 27, 2008 2:32:41 PM org.apache.coyote.http11.Http11Protocol init
INFO: Initializing Coyote HTTP/1.1 on http-8080
Sep 27, 2008 2:32:41 PM org.apache.catalina.startup.Catalina load
INFO: Initialization processed in 710 ms
Sep 27, 2008 2:32:41 PM org.apache.catalina.core.StandardService start
INFO: Starting service Catalina
Sep 27, 2008 2:32:41 PM org.apache.catalina.core.StandardEngine start
INFO: Starting Servlet Engine: Apache Tomcat/6.0.14
Sep 27, 2008 2:32:43 PM org.apache.catalina.core.StandardContext start
SEVERE: Error listenerStart
Sep 27, 2008 2:32:43 PM org.apache.catalina.core.StandardContext start
SEVERE: Context [/site] startup failed due to previous errors
Sep 27, 2008 2:32:44 PM org.apache.coyote.http11.Http11Protocol start
INFO: Starting Coyote HTTP/1.1 on http-8080
Sep 27, 2008 2:32:44 PM org.apache.jk.common.ChannelSocket init
INFO: JK: ajp13 listening on /0.0.0.0:8009
Sep 27, 2008 2:32:44 PM org.apache.jk.server.JkMain start
INFO: Jk running ID=0 time=0/31  config=null
Sep 27, 2008 2:32:44 PM org.apache.catalina.startup.Catalina start
INFO: Server startup in 2724 ms
Sep 27, 2008 2:32:47 PM org.apache.coyote.http11.Http11Protocol pause
INFO: Pausing Coyote HTTP/1.1 on http-8080
Sep 27, 2008 2:32:48 PM org.apache.catalina.core.StandardService stop
INFO: Stopping service Catalina
Sep 27, 2008 2:32:48 PM org.apache.coyote.http11.Http11Protocol destroy
INFO: Stopping Coyote HTTP/1.1 on http-8080
Sep 27, 2008 4:20:03 PM org.apache.catalina.core.AprLifecycleListener init
INFO: The Apache Tomcat Native library which allows optimal performance in production environments was not found on the java.library.path: C:\j2sdk1.5.12\bin;.;C:\WINNT\system32;C:\WINNT;C:\j2sdk1.5.12/bin;C:\mojo\guice;C:\mojo\gwt-windows-1.4.61;C:\j2sdk1.4.2_08\bin;C:\apache-ant-1.7.0\bin;C:\maven\maven-2.0.7\bin;C:\WINNT\system32;C:\WINNT;C:\WINNT\System32\Wbem;C:\Program Files\GnuWin32\bin;c:\Program Files\IBM\Trace Facility\;c:\Program Files\IBM\Personal Communications\;C:\Program Files\Windows Imaging\
Sep 27, 2008 4:20:03 PM org.apache.coyote.http11.Http11Protocol init
INFO: Initializing Coyote HTTP/1.1 on http-8080
Sep 27, 2008 4:20:03 PM org.apache.catalina.startup.Catalina load
INFO: Initialization processed in 667 ms
Sep 27, 2008 4:20:04 PM org.apache.catalina.core.StandardService start
INFO: Starting service Catalina
Sep 27, 2008 4:20:04 PM org.apache.catalina.core.StandardEngine start
INFO: Starting Servlet Engine: Apache Tomcat/6.0.14
Sep 27, 2008 4:20:05 PM org.apache.catalina.core.StandardContext start
SEVERE: Error listenerStart
Sep 27, 2008 4:20:05 PM org.apache.catalina.core.StandardContext start
SEVERE: Context [/site] startup failed due to previous errors
Sep 27, 2008 4:20:06 PM org.apache.coyote.http11.Http11Protocol start
INFO: Starting Coyote HTTP/1.1 on http-8080
Sep 27, 2008 4:20:06 PM org.apache.jk.common.ChannelSocket init
INFO: JK: ajp13 listening on /0.0.0.0:8009
Sep 27, 2008 4:20:06 PM org.apache.jk.server.JkMain start
INFO: Jk running ID=0 time=0/32  config=null
Sep 27, 2008 4:20:06 PM org.apache.catalina.startup.Catalina start
INFO: Server startup in 2649 ms
Sep 27, 2008 4:21:22 PM org.apache.coyote.http11.Http11Protocol pause
INFO: Pausing Coyote HTTP/1.1 on http-8080
Sep 27, 2008 4:21:23 PM org.apache.catalina.core.StandardService stop
INFO: Stopping service Catalina
Sep 27, 2008 4:21:23 PM org.apache.coyote.http11.Http11Protocol destroy
INFO: Stopping Coyote HTTP/1.1 on http-8080
Sep 27, 2008 4:21:26 PM org.apache.catalina.core.AprLifecycleListener init
INFO: The Apache Tomcat Native library which allows optimal performance in production environments was not found on the java.library.path: C:\j2sdk1.5.12\bin;.;C:\WINNT\system32;C:\WINNT;C:\j2sdk1.5.12/bin;C:\mojo\guice;C:\mojo\gwt-windows-1.4.61;C:\j2sdk1.4.2_08\bin;C:\apache-ant-1.7.0\bin;C:\maven\maven-2.0.7\bin;C:\WINNT\system32;C:\WINNT;C:\WINNT\System32\Wbem;C:\Program Files\GnuWin32\bin;c:\Program Files\IBM\Trace Facility\;c:\Program Files\IBM\Personal Communications\;C:\Program Files\Windows Imaging\
Sep 27, 2008 4:21:26 PM org.apache.coyote.http11.Http11Protocol init
INFO: Initializing Coyote HTTP/1.1 on http-8080
Sep 27, 2008 4:21:26 PM org.apache.catalina.startup.Catalina load
INFO: Initialization processed in 658 ms
Sep 27, 2008 4:21:27 PM org.apache.catalina.core.StandardService start
INFO: Starting service Catalina
Sep 27, 2008 4:21:27 PM org.apache.catalina.core.StandardEngine start
INFO: Starting Servlet Engine: Apache Tomcat/6.0.14
Sep 27, 2008 4:21:28 PM org.apache.catalina.core.StandardContext start
SEVERE: Error listenerStart
Sep 27, 2008 4:21:28 PM org.apache.catalina.core.StandardContext start
SEVERE: Context [/site] startup failed due to previous errors
Sep 27, 2008 4:21:29 PM org.apache.coyote.http11.Http11Protocol start
INFO: Starting Coyote HTTP/1.1 on http-8080
Sep 27, 2008 4:21:29 PM org.apache.jk.common.ChannelSocket init
INFO: JK: ajp13 listening on /0.0.0.0:8009
Sep 27, 2008 4:21:29 PM org.apache.jk.server.JkMain start
INFO: Jk running ID=0 time=0/31  config=null
Sep 27, 2008 4:21:29 PM org.apache.catalina.startup.Catalina start
INFO: Server startup in 2722 ms
Sep 27, 2008 4:22:06 PM org.apache.coyote.http11.Http11Protocol pause
INFO: Pausing Coyote HTTP/1.1 on http-8080
Sep 27, 2008 4:22:07 PM org.apache.catalina.core.StandardService stop
INFO: Stopping service Catalina
Sep 27, 2008 4:22:07 PM org.apache.coyote.http11.Http11Protocol destroy
INFO: Stopping Coyote HTTP/1.1 on http-8080
Sep 27, 2008 4:22:12 PM org.apache.catalina.core.AprLifecycleListener init
INFO: The Apache Tomcat Native library which allows optimal performance in production environments was not found on the java.library.path: C:\j2sdk1.5.12\bin;.;C:\WINNT\system32;C:\WINNT;C:\j2sdk1.5.12/bin;C:\mojo\guice;C:\mojo\gwt-windows-1.4.61;C:\j2sdk1.4.2_08\bin;C:\apache-ant-1.7.0\bin;C:\maven\maven-2.0.7\bin;C:\WINNT\system32;C:\WINNT;C:\WINNT\System32\Wbem;C:\Program Files\GnuWin32\bin;c:\Program Files\IBM\Trace Facility\;c:\Program Files\IBM\Personal Communications\;C:\Program Files\Windows Imaging\
Sep 27, 2008 4:22:12 PM org.apache.coyote.http11.Http11Protocol init
INFO: Initializing Coyote HTTP/1.1 on http-8080
Sep 27, 2008 4:22:12 PM org.apache.catalina.startup.Catalina load
INFO: Initialization processed in 664 ms
Sep 27, 2008 4:22:13 PM org.apache.catalina.core.StandardService start
INFO: Starting service Catalina
Sep 27, 2008 4:22:13 PM org.apache.catalina.core.StandardEngine start
INFO: Starting Servlet Engine: Apache Tomcat/6.0.14
Sep 27, 2008 4:22:15 PM org.apache.catalina.core.StandardContext start
SEVERE: Error listenerStart
Sep 27, 2008 4:22:15 PM org.apache.catalina.core.StandardContext start
SEVERE: Context [/site] startup failed due to previous errors
Sep 27, 2008 4:22:16 PM org.apache.coyote.http11.Http11Protocol start
INFO: Starting Coyote HTTP/1.1 on http-8080
Sep 27, 2008 4:22:16 PM org.apache.jk.common.ChannelSocket init
INFO: JK: ajp13 listening on /0.0.0.0:8009
Sep 27, 2008 4:22:16 PM org.apache.jk.server.JkMain start
INFO: Jk running ID=0 time=0/31  config=null
Sep 27, 2008 4:22:16 PM org.apache.catalina.startup.Catalina start
INFO: Server startup in 3703 ms
Sep 27, 2008 4:22:24 PM org.apache.coyote.http11.Http11Protocol pause
INFO: Pausing Coyote HTTP/1.1 on http-8080
Sep 27, 2008 4:22:25 PM org.apache.catalina.core.StandardService stop
INFO: Stopping service Catalina
Sep 27, 2008 4:22:26 PM org.apache.coyote.http11.Http11Protocol destroy
INFO: Stopping Coyote HTTP/1.1 on http-8080
Sep 27, 2008 4:22:38 PM org.apache.catalina.core.AprLifecycleListener init
INFO: The Apache Tomcat Native library which allows optimal performance in production environments was not found on the java.library.path: C:\j2sdk1.5.12\bin;.;C:\WINNT\system32;C:\WINNT;C:\j2sdk1.5.12/bin;C:\mojo\guice;C:\mojo\gwt-windows-1.4.61;C:\j2sdk1.4.2_08\bin;C:\apache-ant-1.7.0\bin;C:\maven\maven-2.0.7\bin;C:\WINNT\system32;C:\WINNT;C:\WINNT\System32\Wbem;C:\Program Files\GnuWin32\bin;c:\Program Files\IBM\Trace Facility\;c:\Program Files\IBM\Personal Communications\;C:\Program Files\Windows Imaging\
Sep 27, 2008 4:22:38 PM org.apache.coyote.http11.Http11Protocol init
INFO: Initializing Coyote HTTP/1.1 on http-8080
Sep 27, 2008 4:22:38 PM org.apache.catalina.startup.Catalina load
INFO: Initialization processed in 655 ms
Sep 27, 2008 4:22:38 PM org.apache.catalina.core.StandardService start
INFO: Starting service Catalina
Sep 27, 2008 4:22:38 PM org.apache.catalina.core.StandardEngine start
INFO: Starting Servlet Engine: Apache Tomcat/6.0.14
Sep 27, 2008 4:22:40 PM org.apache.catalina.core.StandardContext start
SEVERE: Error listenerStart
Sep 27, 2008 4:22:40 PM org.apache.catalina.core.StandardContext start
SEVERE: Context [/site] startup failed due to previous errors
Sep 27, 2008 4:22:41 PM org.apache.coyote.http11.Http11Protocol start
INFO: Starting Coyote HTTP/1.1 on http-8080
Sep 27, 2008 4:22:41 PM org.apache.jk.common.ChannelSocket init
INFO: JK: ajp13 listening on /0.0.0.0:8009
Sep 27, 2008 4:22:41 PM org.apache.jk.server.JkMain start
INFO: Jk running ID=0 time=0/31  config=null
Sep 27, 2008 4:22:41 PM org.apache.catalina.startup.Catalina start
INFO: Server startup in 3693 ms
Sep 27, 2008 4:24:21 PM org.apache.coyote.http11.Http11Protocol pause
INFO: Pausing Coyote HTTP/1.1 on http-8080
Sep 27, 2008 4:24:22 PM org.apache.catalina.core.StandardService stop
INFO: Stopping service Catalina
Sep 27, 2008 4:24:22 PM org.apache.coyote.http11.Http11Protocol destroy
INFO: Stopping Coyote HTTP/1.1 on http-8080
Sep 27, 2008 4:24:25 PM org.apache.catalina.core.AprLifecycleListener init
INFO: The Apache Tomcat Native library which allows optimal performance in production environments was not found on the java.library.path: C:\j2sdk1.5.12\bin;.;C:\WINNT\system32;C:\WINNT;C:\j2sdk1.5.12/bin;C:\mojo\guice;C:\mojo\gwt-windows-1.4.61;C:\j2sdk1.4.2_08\bin;C:\apache-ant-1.7.0\bin;C:\maven\maven-2.0.7\bin;C:\WINNT\system32;C:\WINNT;C:\WINNT\System32\Wbem;C:\Program Files\GnuWin32\bin;c:\Program Files\IBM\Trace Facility\;c:\Program Files\IBM\Personal Communications\;C:\Program Files\Windows Imaging\
Sep 27, 2008 4:24:25 PM org.apache.coyote.http11.Http11Protocol init
INFO: Initializing Coyote HTTP/1.1 on http-8080
Sep 27, 2008 4:24:25 PM org.apache.catalina.startup.Catalina load
INFO: Initialization processed in 669 ms
Sep 27, 2008 4:24:26 PM org.apache.catalina.core.StandardService start
INFO: Starting service Catalina
Sep 27, 2008 4:24:26 PM org.apache.catalina.core.StandardEngine start
INFO: Starting Servlet Engine: Apache Tomcat/6.0.14
Sep 27, 2008 4:24:30 PM org.apache.coyote.http11.Http11Protocol start
INFO: Starting Coyote HTTP/1.1 on http-8080
Sep 27, 2008 4:24:30 PM org.apache.jk.common.ChannelSocket init
INFO: JK: ajp13 listening on /0.0.0.0:8009
Sep 27, 2008 4:24:30 PM org.apache.jk.server.JkMain start
INFO: Jk running ID=0 time=0/31  config=null
Sep 27, 2008 4:24:30 PM org.apache.catalina.startup.Catalina start
INFO: Server startup in 4634 ms
Sep 27, 2008 4:28:08 PM org.apache.coyote.http11.Http11Protocol pause
INFO: Pausing Coyote HTTP/1.1 on http-8080
Sep 27, 2008 4:28:09 PM org.apache.catalina.core.StandardService stop
INFO: Stopping service Catalina
Sep 27, 2008 4:28:10 PM org.apache.coyote.http11.Http11Protocol destroy
INFO: Stopping Coyote HTTP/1.1 on http-8080
Sep 27, 2008 4:28:24 PM org.apache.catalina.core.AprLifecycleListener init
INFO: The Apache Tomcat Native library which allows optimal performance in production environments was not found on the java.library.path: C:\j2sdk1.5.12\bin;.;C:\WINNT\system32;C:\WINNT;C:\j2sdk1.5.12/bin;C:\mojo\guice;C:\mojo\gwt-windows-1.4.61;C:\j2sdk1.4.2_08\bin;C:\apache-ant-1.7.0\bin;C:\maven\maven-2.0.7\bin;C:\WINNT\system32;C:\WINNT;C:\WINNT\System32\Wbem;C:\Program Files\GnuWin32\bin;c:\Program Files\IBM\Trace Facility\;c:\Program Files\IBM\Personal Communications\;C:\Program Files\Windows Imaging\
Sep 27, 2008 4:28:24 PM org.apache.coyote.http11.Http11Protocol init
INFO: Initializing Coyote HTTP/1.1 on http-8080
Sep 27, 2008 4:28:24 PM org.apache.catalina.startup.Catalina load
INFO: Initialization processed in 677 ms
Sep 27, 2008 4:28:24 PM org.apache.catalina.core.StandardService start
INFO: Starting service Catalina
Sep 27, 2008 4:28:24 PM org.apache.catalina.core.StandardEngine start
INFO: Starting Servlet Engine: Apache Tomcat/6.0.14
Sep 27, 2008 4:28:28 PM org.apache.coyote.http11.Http11Protocol start
INFO: Starting Coyote HTTP/1.1 on http-8080
Sep 27, 2008 4:28:28 PM org.apache.jk.common.ChannelSocket init
INFO: JK: ajp13 listening on /0.0.0.0:8009
Sep 27, 2008 4:28:28 PM org.apache.jk.server.JkMain start
INFO: Jk running ID=0 time=0/32  config=null
Sep 27, 2008 4:28:29 PM org.apache.catalina.startup.Catalina start
INFO: Server startup in 4708 ms
Sep 27, 2008 4:28:39 PM org.apache.coyote.http11.Http11Protocol pause
INFO: Pausing Coyote HTTP/1.1 on http-8080
Sep 27, 2008 4:28:40 PM org.apache.catalina.core.StandardService stop
INFO: Stopping service Catalina
Sep 27, 2008 4:28:41 PM org.apache.coyote.http11.Http11Protocol destroy
INFO: Stopping Coyote HTTP/1.1 on http-8080
Sep 27, 2008 4:29:22 PM org.apache.catalina.core.AprLifecycleListener init
INFO: The Apache Tomcat Native library which allows optimal performance in production environments was not found on the java.library.path: C:\j2sdk1.5.12\bin;.;C:\WINNT\system32;C:\WINNT;C:\j2sdk1.5.12/bin;C:\mojo\guice;C:\mojo\gwt-windows-1.4.61;C:\j2sdk1.4.2_08\bin;C:\apache-ant-1.7.0\bin;C:\maven\maven-2.0.7\bin;C:\WINNT\system32;C:\WINNT;C:\WINNT\System32\Wbem;C:\Program Files\GnuWin32\bin;c:\Program Files\IBM\Trace Facility\;c:\Program Files\IBM\Personal Communications\;C:\Program Files\Windows Imaging\
Sep 27, 2008 4:29:22 PM org.apache.coyote.http11.Http11Protocol init
INFO: Initializing Coyote HTTP/1.1 on http-8080
Sep 27, 2008 4:29:22 PM org.apache.catalina.startup.Catalina load
INFO: Initialization processed in 795 ms
Sep 27, 2008 4:29:22 PM org.apache.catalina.core.StandardService start
INFO: Starting service Catalina
Sep 27, 2008 4:29:22 PM org.apache.catalina.core.StandardEngine start
INFO: Starting Servlet Engine: Apache Tomcat/6.0.14
Sep 27, 2008 4:29:28 PM org.apache.coyote.http11.Http11Protocol start
INFO: Starting Coyote HTTP/1.1 on http-8080
Sep 27, 2008 4:29:28 PM org.apache.jk.common.ChannelSocket init
INFO: JK: ajp13 listening on /0.0.0.0:8009
Sep 27, 2008 4:29:28 PM org.apache.jk.server.JkMain start
INFO: Jk running ID=0 time=0/31  config=null
Sep 27, 2008 4:29:28 PM org.apache.catalina.startup.Catalina start
INFO: Server startup in 6030 ms
Sep 27, 2008 4:30:54 PM org.apache.coyote.http11.Http11Protocol pause
INFO: Pausing Coyote HTTP/1.1 on http-8080
Sep 27, 2008 4:30:55 PM org.apache.catalina.core.StandardService stop
INFO: Stopping service Catalina
Sep 27, 2008 4:30:56 PM org.apache.coyote.http11.Http11Protocol destroy
INFO: Stopping Coyote HTTP/1.1 on http-8080
Sep 27, 2008 4:31:03 PM org.apache.catalina.core.AprLifecycleListener init
INFO: The Apache Tomcat Native library which allows optimal performance in production environments was not found on the java.library.path: C:\j2sdk1.5.12\bin;.;C:\WINNT\system32;C:\WINNT;C:\j2sdk1.5.12/bin;C:\mojo\guice;C:\mojo\gwt-windows-1.4.61;C:\j2sdk1.4.2_08\bin;C:\apache-ant-1.7.0\bin;C:\maven\maven-2.0.7\bin;C:\WINNT\system32;C:\WINNT;C:\WINNT\System32\Wbem;C:\Program Files\GnuWin32\bin;c:\Program Files\IBM\Trace Facility\;c:\Program Files\IBM\Personal Communications\;C:\Program Files\Windows Imaging\
Sep 27, 2008 4:31:03 PM org.apache.coyote.http11.Http11Protocol init
INFO: Initializing Coyote HTTP/1.1 on http-8080
Sep 27, 2008 4:31:03 PM org.apache.catalina.startup.Catalina load
INFO: Initialization processed in 666 ms
Sep 27, 2008 4:31:03 PM org.apache.catalina.core.StandardService start
INFO: Starting service Catalina
Sep 27, 2008 4:31:03 PM org.apache.catalina.core.StandardEngine start
INFO: Starting Servlet Engine: Apache Tomcat/6.0.14
Sep 27, 2008 4:31:08 PM org.apache.coyote.http11.Http11Protocol start
INFO: Starting Coyote HTTP/1.1 on http-8080
Sep 27, 2008 4:31:08 PM org.apache.jk.common.ChannelSocket init
INFO: JK: ajp13 listening on /0.0.0.0:8009
Sep 27, 2008 4:31:08 PM org.apache.jk.server.JkMain start
INFO: Jk running ID=0 time=0/31  config=null
Sep 27, 2008 4:31:08 PM org.apache.catalina.startup.Catalina start
INFO: Server startup in 4477 ms
Sep 27, 2008 4:33:24 PM org.apache.coyote.http11.Http11Protocol pause
INFO: Pausing Coyote HTTP/1.1 on http-8080
Sep 27, 2008 4:33:25 PM org.apache.catalina.core.StandardService stop
INFO: Stopping service Catalina
Sep 27, 2008 4:33:25 PM org.apache.coyote.http11.Http11Protocol destroy
INFO: Stopping Coyote HTTP/1.1 on http-8080
Sep 27, 2008 4:33:36 PM org.apache.catalina.core.AprLifecycleListener init
INFO: The Apache Tomcat Native library which allows optimal performance in production environments was not found on the java.library.path: C:\j2sdk1.5.12\bin;.;C:\WINNT\system32;C:\WINNT;C:\j2sdk1.5.12/bin;C:\mojo\guice;C:\mojo\gwt-windows-1.4.61;C:\j2sdk1.4.2_08\bin;C:\apache-ant-1.7.0\bin;C:\maven\maven-2.0.7\bin;C:\WINNT\system32;C:\WINNT;C:\WINNT\System32\Wbem;C:\Program Files\GnuWin32\bin;c:\Program Files\IBM\Trace Facility\;c:\Program Files\IBM\Personal Communications\;C:\Program Files\Windows Imaging\
Sep 27, 2008 4:33:36 PM org.apache.coyote.http11.Http11Protocol init
INFO: Initializing Coyote HTTP/1.1 on http-8080
Sep 27, 2008 4:33:36 PM org.apache.catalina.startup.Catalina load
INFO: Initialization processed in 660 ms
Sep 27, 2008 4:33:36 PM org.apache.catalina.core.StandardService start
INFO: Starting service Catalina
Sep 27, 2008 4:33:36 PM org.apache.catalina.core.StandardEngine start
INFO: Starting Servlet Engine: Apache Tomcat/6.0.14
Sep 27, 2008 4:33:41 PM org.apache.coyote.http11.Http11Protocol start
INFO: Starting Coyote HTTP/1.1 on http-8080
Sep 27, 2008 4:33:41 PM org.apache.jk.common.ChannelSocket init
INFO: JK: ajp13 listening on /0.0.0.0:8009
Sep 27, 2008 4:33:41 PM org.apache.jk.server.JkMain start
INFO: Jk running ID=0 time=0/31  config=null
Sep 27, 2008 4:33:41 PM org.apache.catalina.startup.Catalina start
INFO: Server startup in 4455 ms
Sep 27, 2008 4:35:18 PM org.apache.coyote.http11.Http11Protocol pause
INFO: Pausing Coyote HTTP/1.1 on http-8080
Sep 27, 2008 4:35:19 PM org.apache.catalina.core.StandardService stop
INFO: Stopping service Catalina
Sep 27, 2008 4:35:20 PM org.apache.coyote.http11.Http11Protocol destroy
INFO: Stopping Coyote HTTP/1.1 on http-8080
Sep 27, 2008 4:35:23 PM org.apache.catalina.core.AprLifecycleListener init
INFO: The Apache Tomcat Native library which allows optimal performance in production environments was not found on the java.library.path: C:\j2sdk1.5.12\bin;.;C:\WINNT\system32;C:\WINNT;C:\j2sdk1.5.12/bin;C:\mojo\guice;C:\mojo\gwt-windows-1.4.61;C:\j2sdk1.4.2_08\bin;C:\apache-ant-1.7.0\bin;C:\maven\maven-2.0.7\bin;C:\WINNT\system32;C:\WINNT;C:\WINNT\System32\Wbem;C:\Program Files\GnuWin32\bin;c:\Program Files\IBM\Trace Facility\;c:\Program Files\IBM\Personal Communications\;C:\Program Files\Windows Imaging\
Sep 27, 2008 4:35:23 PM org.apache.coyote.http11.Http11Protocol init
INFO: Initializing Coyote HTTP/1.1 on http-8080
Sep 27, 2008 4:35:23 PM org.apache.catalina.startup.Catalina load
INFO: Initialization processed in 659 ms
Sep 27, 2008 4:35:23 PM org.apache.catalina.core.StandardService start
INFO: Starting service Catalina
Sep 27, 2008 4:35:23 PM org.apache.catalina.core.StandardEngine start
INFO: Starting Servlet Engine: Apache Tomcat/6.0.14
Sep 27, 2008 4:35:28 PM org.apache.coyote.http11.Http11Protocol start
INFO: Starting Coyote HTTP/1.1 on http-8080
Sep 27, 2008 4:35:28 PM org.apache.jk.common.ChannelSocket init
INFO: JK: ajp13 listening on /0.0.0.0:8009
Sep 27, 2008 4:35:28 PM org.apache.jk.server.JkMain start
INFO: Jk running ID=0 time=0/47  config=null
Sep 27, 2008 4:35:28 PM org.apache.catalina.startup.Catalina start
INFO: Server startup in 4660 ms
Sep 27, 2008 4:44:31 PM org.apache.coyote.http11.Http11Protocol pause
INFO: Pausing Coyote HTTP/1.1 on http-8080
Sep 27, 2008 4:44:32 PM org.apache.catalina.core.StandardService stop
INFO: Stopping service Catalina
Sep 27, 2008 4:44:32 PM org.apache.coyote.http11.Http11Protocol destroy
INFO: Stopping Coyote HTTP/1.1 on http-8080
Sep 27, 2008 4:45:33 PM org.apache.catalina.core.AprLifecycleListener init
INFO: The Apache Tomcat Native library which allows optimal performance in production environments was not found on the java.library.path: C:\j2sdk1.5.12\bin;.;C:\WINNT\system32;C:\WINNT;C:\j2sdk1.5.12/bin;C:\mojo\guice;C:\mojo\gwt-windows-1.4.61;C:\j2sdk1.4.2_08\bin;C:\apache-ant-1.7.0\bin;C:\maven\maven-2.0.7\bin;C:\WINNT\system32;C:\WINNT;C:\WINNT\System32\Wbem;C:\Program Files\GnuWin32\bin;c:\Program Files\IBM\Trace Facility\;c:\Program Files\IBM\Personal Communications\;C:\Program Files\Windows Imaging\
Sep 27, 2008 4:45:33 PM org.apache.coyote.http11.Http11Protocol init
INFO: Initializing Coyote HTTP/1.1 on http-8080
Sep 27, 2008 4:45:33 PM org.apache.catalina.startup.Catalina load
INFO: Initialization processed in 688 ms
Sep 27, 2008 4:45:34 PM org.apache.catalina.core.StandardService start
INFO: Starting service Catalina
Sep 27, 2008 4:45:34 PM org.apache.catalina.core.StandardEngine start
INFO: Starting Servlet Engine: Apache Tomcat/6.0.14
Sep 27, 2008 4:45:38 PM org.apache.coyote.http11.Http11Protocol start
INFO: Starting Coyote HTTP/1.1 on http-8080
Sep 27, 2008 4:45:38 PM org.apache.jk.common.ChannelSocket init
INFO: JK: ajp13 listening on /0.0.0.0:8009
Sep 27, 2008 4:45:38 PM org.apache.jk.server.JkMain start
INFO: Jk running ID=0 time=0/31  config=null
Sep 27, 2008 4:45:38 PM org.apache.catalina.startup.Catalina start
INFO: Server startup in 4494 ms
Sep 27, 2008 4:47:26 PM org.apache.coyote.http11.Http11Protocol pause
INFO: Pausing Coyote HTTP/1.1 on http-8080
Sep 27, 2008 4:47:27 PM org.apache.catalina.core.StandardService stop
INFO: Stopping service Catalina
Sep 27, 2008 4:47:27 PM org.apache.coyote.http11.Http11Protocol destroy
INFO: Stopping Coyote HTTP/1.1 on http-8080
Sep 27, 2008 4:47:36 PM org.apache.catalina.core.AprLifecycleListener init
INFO: The Apache Tomcat Native library which allows optimal performance in production environments was not found on the java.library.path: C:\j2sdk1.5.12\bin;.;C:\WINNT\system32;C:\WINNT;C:\j2sdk1.5.12/bin;C:\mojo\guice;C:\mojo\gwt-windows-1.4.61;C:\j2sdk1.4.2_08\bin;C:\apache-ant-1.7.0\bin;C:\maven\maven-2.0.7\bin;C:\WINNT\system32;C:\WINNT;C:\WINNT\System32\Wbem;C:\Program Files\GnuWin32\bin;c:\Program Files\IBM\Trace Facility\;c:\Program Files\IBM\Personal Communications\;C:\Program Files\Windows Imaging\
Sep 27, 2008 4:47:36 PM org.apache.coyote.http11.Http11Protocol init
INFO: Initializing Coyote HTTP/1.1 on http-8080
Sep 27, 2008 4:47:36 PM org.apache.catalina.startup.Catalina load
INFO: Initialization processed in 689 ms
Sep 27, 2008 4:47:37 PM org.apache.catalina.core.StandardService start
INFO: Starting service Catalina
Sep 27, 2008 4:47:37 PM org.apache.catalina.core.StandardEngine start
INFO: Starting Servlet Engine: Apache Tomcat/6.0.14
Sep 27, 2008 4:47:41 PM org.apache.coyote.http11.Http11Protocol start
INFO: Starting Coyote HTTP/1.1 on http-8080
Sep 27, 2008 4:47:41 PM org.apache.jk.common.ChannelSocket init
INFO: JK: ajp13 listening on /0.0.0.0:8009
Sep 27, 2008 4:47:42 PM org.apache.jk.server.JkMain start
INFO: Jk running ID=0 time=0/31  config=null
Sep 27, 2008 4:47:42 PM org.apache.catalina.startup.Catalina start
INFO: Server startup in 5095 ms
Sep 27, 2008 5:07:52 PM org.apache.coyote.http11.Http11Protocol pause
INFO: Pausing Coyote HTTP/1.1 on http-8080
Sep 27, 2008 5:07:53 PM org.apache.catalina.core.StandardService stop
INFO: Stopping service Catalina
Sep 27, 2008 5:07:54 PM org.apache.coyote.http11.Http11Protocol destroy
INFO: Stopping Coyote HTTP/1.1 on http-8080
Sep 27, 2008 5:07:59 PM org.apache.catalina.core.AprLifecycleListener init
INFO: The Apache Tomcat Native library which allows optimal performance in production environments was not found on the java.library.path: C:\j2sdk1.5.12\bin;.;C:\WINNT\system32;C:\WINNT;C:\j2sdk1.5.12/bin;C:\mojo\guice;C:\mojo\gwt-windows-1.4.61;C:\j2sdk1.4.2_08\bin;C:\apache-ant-1.7.0\bin;C:\maven\maven-2.0.7\bin;C:\WINNT\system32;C:\WINNT;C:\WINNT\System32\Wbem;C:\Program Files\GnuWin32\bin;c:\Program Files\IBM\Trace Facility\;c:\Program Files\IBM\Personal Communications\;C:\Program Files\Windows Imaging\
Sep 27, 2008 5:07:59 PM org.apache.coyote.http11.Http11Protocol init
INFO: Initializing Coyote HTTP/1.1 on http-8080
Sep 27, 2008 5:07:59 PM org.apache.catalina.startup.Catalina load
INFO: Initialization processed in 668 ms
Sep 27, 2008 5:07:59 PM org.apache.catalina.core.StandardService start
INFO: Starting service Catalina
Sep 27, 2008 5:07:59 PM org.apache.catalina.core.StandardEngine start
INFO: Starting Servlet Engine: Apache Tomcat/6.0.14
Sep 27, 2008 5:08:03 PM org.apache.coyote.http11.Http11Protocol start
INFO: Starting Coyote HTTP/1.1 on http-8080
Sep 27, 2008 5:08:04 PM org.apache.jk.common.ChannelSocket init
INFO: JK: ajp13 listening on /0.0.0.0:8009
Sep 27, 2008 5:08:04 PM org.apache.jk.server.JkMain start
INFO: Jk running ID=0 time=0/31  config=null
Sep 27, 2008 5:08:04 PM org.apache.catalina.startup.Catalina start
INFO: Server startup in 4613 ms
Sep 27, 2008 5:11:18 PM org.apache.coyote.http11.Http11Protocol pause
INFO: Pausing Coyote HTTP/1.1 on http-8080
Sep 27, 2008 5:11:19 PM org.apache.catalina.core.StandardService stop
INFO: Stopping service Catalina
Sep 27, 2008 5:11:20 PM org.apache.coyote.http11.Http11Protocol destroy
INFO: Stopping Coyote HTTP/1.1 on http-8080
Sep 27, 2008 5:11:35 PM org.apache.catalina.core.AprLifecycleListener init
INFO: The Apache Tomcat Native library which allows optimal performance in production environments was not found on the java.library.path: C:\j2sdk1.5.12\bin;.;C:\WINNT\system32;C:\WINNT;C:\j2sdk1.5.12/bin;C:\mojo\guice;C:\mojo\gwt-windows-1.4.61;C:\j2sdk1.4.2_08\bin;C:\apache-ant-1.7.0\bin;C:\maven\maven-2.0.7\bin;C:\WINNT\system32;C:\WINNT;C:\WINNT\System32\Wbem;C:\Program Files\GnuWin32\bin;c:\Program Files\IBM\Trace Facility\;c:\Program Files\IBM\Personal Communications\;C:\Program Files\Windows Imaging\
Sep 27, 2008 5:11:35 PM org.apache.coyote.http11.Http11Protocol init
INFO: Initializing Coyote HTTP/1.1 on http-8080
Sep 27, 2008 5:11:35 PM org.apache.catalina.startup.Catalina load
INFO: Initialization processed in 657 ms
Sep 27, 2008 5:11:35 PM org.apache.catalina.core.StandardService start
INFO: Starting service Catalina
Sep 27, 2008 5:11:35 PM org.apache.catalina.core.StandardEngine start
INFO: Starting Servlet Engine: Apache Tomcat/6.0.14
Sep 27, 2008 5:11:39 PM org.apache.coyote.http11.Http11Protocol start
INFO: Starting Coyote HTTP/1.1 on http-8080
Sep 27, 2008 5:11:39 PM org.apache.jk.common.ChannelSocket init
INFO: JK: ajp13 listening on /0.0.0.0:8009
Sep 27, 2008 5:11:39 PM org.apache.jk.server.JkMain start
INFO: Jk running ID=0 time=0/31  config=null
Sep 27, 2008 5:11:39 PM org.apache.catalina.startup.Catalina start
INFO: Server startup in 4530 ms
