Sep 24, 2008 3:51:44 PM org.apache.catalina.core.ApplicationContext log
INFO: Initializing Spring root WebApplicationContext
Sep 24, 2008 3:51:44 PM org.apache.catalina.core.StandardContext listenerStart
SEVERE: Exception sending context initialized event to listener instance of class org.springframework.web.context.ContextLoaderListener
org.springframework.beans.factory.BeanDefinitionStoreException: IOException parsing XML document from ServletContext resource [/WEB-INF/applicationContext.xml]; nested exception is java.io.FileNotFoundException: Could not open ServletContext resource [/WEB-INF/applicationContext.xml]
	at org.springframework.beans.factory.xml.XmlBeanDefinitionReader.loadBeanDefinitions(XmlBeanDefinitionReader.java:349)
	at org.springframework.beans.factory.xml.XmlBeanDefinitionReader.loadBeanDefinitions(XmlBeanDefinitionReader.java:310)
	at org.springframework.beans.factory.support.AbstractBeanDefinitionReader.loadBeanDefinitions(AbstractBeanDefinitionReader.java:143)
	at org.springframework.beans.factory.support.AbstractBeanDefinitionReader.loadBeanDefinitions(AbstractBeanDefinitionReader.java:178)
	at org.springframework.beans.factory.support.AbstractBeanDefinitionReader.loadBeanDefinitions(AbstractBeanDefinitionReader.java:149)
	at org.springframework.web.context.support.XmlWebApplicationContext.loadBeanDefinitions(XmlWebApplicationContext.java:124)
	at org.springframework.web.context.support.XmlWebApplicationContext.loadBeanDefinitions(XmlWebApplicationContext.java:92)
	at org.springframework.context.support.AbstractRefreshableApplicationContext.refreshBeanFactory(AbstractRefreshableApplicationContext.java:123)
	at org.springframework.context.support.AbstractApplicationContext.obtainFreshBeanFactory(AbstractApplicationContext.java:423)
	at org.springframework.context.support.AbstractApplicationContext.refresh(AbstractApplicationContext.java:353)
	at org.springframework.web.context.ContextLoader.createWebApplicationContext(ContextLoader.java:255)
	at org.springframework.web.context.ContextLoader.initWebApplicationContext(ContextLoader.java:199)
	at org.springframework.web.context.ContextLoaderListener.contextInitialized(ContextLoaderListener.java:45)
	at org.apache.catalina.core.StandardContext.listenerStart(StandardContext.java:3830)
	at org.apache.catalina.core.StandardContext.start(StandardContext.java:4337)
	at org.apache.catalina.core.ContainerBase.addChildInternal(ContainerBase.java:791)
	at org.apache.catalina.core.ContainerBase.addChild(ContainerBase.java:771)
	at org.apache.catalina.core.StandardHost.addChild(StandardHost.java:525)
	at org.apache.catalina.startup.HostConfig.deployDescriptor(HostConfig.java:626)
	at org.apache.catalina.startup.HostConfig.deployDescriptors(HostConfig.java:553)
	at org.apache.catalina.startup.HostConfig.deployApps(HostConfig.java:488)
	at org.apache.catalina.startup.HostConfig.start(HostConfig.java:1138)
	at org.apache.catalina.startup.HostConfig.lifecycleEvent(HostConfig.java:311)
	at org.apache.catalina.util.LifecycleSupport.fireLifecycleEvent(LifecycleSupport.java:117)
	at org.apache.catalina.core.ContainerBase.start(ContainerBase.java:1053)
	at org.apache.catalina.core.StandardHost.start(StandardHost.java:719)
	at org.apache.catalina.core.ContainerBase.start(ContainerBase.java:1045)
	at org.apache.catalina.core.StandardEngine.start(StandardEngine.java:443)
	at org.apache.catalina.core.StandardService.start(StandardService.java:516)
	at org.apache.catalina.core.StandardServer.start(StandardServer.java:710)
	at org.apache.catalina.startup.Catalina.start(Catalina.java:566)
	at sun.reflect.NativeMethodAccessorImpl.invoke0(Native Method)
	at sun.reflect.NativeMethodAccessorImpl.invoke(NativeMethodAccessorImpl.java:39)
	at sun.reflect.DelegatingMethodAccessorImpl.invoke(DelegatingMethodAccessorImpl.java:25)
	at java.lang.reflect.Method.invoke(Method.java:585)
	at org.apache.catalina.startup.Bootstrap.start(Bootstrap.java:288)
	at org.apache.catalina.startup.Bootstrap.main(Bootstrap.java:413)
Caused by: java.io.FileNotFoundException: Could not open ServletContext resource [/WEB-INF/applicationContext.xml]
	at org.springframework.web.context.support.ServletContextResource.getInputStream(ServletContextResource.java:116)
	at org.springframework.beans.factory.xml.XmlBeanDefinitionReader.loadBeanDefinitions(XmlBeanDefinitionReader.java:336)
	... 36 more
Sep 24, 2008 3:51:44 PM org.apache.catalina.core.ApplicationContext log
INFO: Closing Spring root WebApplicationContext
Sep 24, 2008 3:51:54 PM org.apache.catalina.core.ApplicationContext log
INFO: ContextListener: contextInitialized()
Sep 24, 2008 3:51:54 PM org.apache.catalina.core.ApplicationContext log
INFO: SessionListener: contextInitialized()
Sep 24, 2008 3:54:34 PM org.apache.catalina.core.ApplicationContext log
INFO: SessionListener: contextDestroyed()
Sep 24, 2008 3:54:34 PM org.apache.catalina.core.ApplicationContext log
INFO: ContextListener: contextDestroyed()
Sep 24, 2008 3:54:42 PM org.apache.catalina.core.ApplicationContext log
INFO: Initializing Spring root WebApplicationContext
Sep 24, 2008 3:54:43 PM org.apache.catalina.core.StandardContext listenerStart
SEVERE: Exception sending context initialized event to listener instance of class org.springframework.web.context.ContextLoaderListener
org.springframework.beans.factory.BeanDefinitionStoreException: IOException parsing XML document from ServletContext resource [/WEB-INF/applicationContext.xml]; nested exception is java.io.FileNotFoundException: Could not open ServletContext resource [/WEB-INF/applicationContext.xml]
	at org.springframework.beans.factory.xml.XmlBeanDefinitionReader.loadBeanDefinitions(XmlBeanDefinitionReader.java:349)
	at org.springframework.beans.factory.xml.XmlBeanDefinitionReader.loadBeanDefinitions(XmlBeanDefinitionReader.java:310)
	at org.springframework.beans.factory.support.AbstractBeanDefinitionReader.loadBeanDefinitions(AbstractBeanDefinitionReader.java:143)
	at org.springframework.beans.factory.support.AbstractBeanDefinitionReader.loadBeanDefinitions(AbstractBeanDefinitionReader.java:178)
	at org.springframework.beans.factory.support.AbstractBeanDefinitionReader.loadBeanDefinitions(AbstractBeanDefinitionReader.java:149)
	at org.springframework.web.context.support.XmlWebApplicationContext.loadBeanDefinitions(XmlWebApplicationContext.java:124)
	at org.springframework.web.context.support.XmlWebApplicationContext.loadBeanDefinitions(XmlWebApplicationContext.java:92)
	at org.springframework.context.support.AbstractRefreshableApplicationContext.refreshBeanFactory(AbstractRefreshableApplicationContext.java:123)
	at org.springframework.context.support.AbstractApplicationContext.obtainFreshBeanFactory(AbstractApplicationContext.java:423)
	at org.springframework.context.support.AbstractApplicationContext.refresh(AbstractApplicationContext.java:353)
	at org.springframework.web.context.ContextLoader.createWebApplicationContext(ContextLoader.java:255)
	at org.springframework.web.context.ContextLoader.initWebApplicationContext(ContextLoader.java:199)
	at org.springframework.web.context.ContextLoaderListener.contextInitialized(ContextLoaderListener.java:45)
	at org.apache.catalina.core.StandardContext.listenerStart(StandardContext.java:3830)
	at org.apache.catalina.core.StandardContext.start(StandardContext.java:4337)
	at org.apache.catalina.core.ContainerBase.addChildInternal(ContainerBase.java:791)
	at org.apache.catalina.core.ContainerBase.addChild(ContainerBase.java:771)
	at org.apache.catalina.core.StandardHost.addChild(StandardHost.java:525)
	at org.apache.catalina.startup.HostConfig.deployDescriptor(HostConfig.java:626)
	at org.apache.catalina.startup.HostConfig.deployDescriptors(HostConfig.java:553)
	at org.apache.catalina.startup.HostConfig.deployApps(HostConfig.java:488)
	at org.apache.catalina.startup.HostConfig.start(HostConfig.java:1138)
	at org.apache.catalina.startup.HostConfig.lifecycleEvent(HostConfig.java:311)
	at org.apache.catalina.util.LifecycleSupport.fireLifecycleEvent(LifecycleSupport.java:117)
	at org.apache.catalina.core.ContainerBase.start(ContainerBase.java:1053)
	at org.apache.catalina.core.StandardHost.start(StandardHost.java:719)
	at org.apache.catalina.core.ContainerBase.start(ContainerBase.java:1045)
	at org.apache.catalina.core.StandardEngine.start(StandardEngine.java:443)
	at org.apache.catalina.core.StandardService.start(StandardService.java:516)
	at org.apache.catalina.core.StandardServer.start(StandardServer.java:710)
	at org.apache.catalina.startup.Catalina.start(Catalina.java:566)
	at sun.reflect.NativeMethodAccessorImpl.invoke0(Native Method)
	at sun.reflect.NativeMethodAccessorImpl.invoke(NativeMethodAccessorImpl.java:39)
	at sun.reflect.DelegatingMethodAccessorImpl.invoke(DelegatingMethodAccessorImpl.java:25)
	at java.lang.reflect.Method.invoke(Method.java:585)
	at org.apache.catalina.startup.Bootstrap.start(Bootstrap.java:288)
	at org.apache.catalina.startup.Bootstrap.main(Bootstrap.java:413)
Caused by: java.io.FileNotFoundException: Could not open ServletContext resource [/WEB-INF/applicationContext.xml]
	at org.springframework.web.context.support.ServletContextResource.getInputStream(ServletContextResource.java:116)
	at org.springframework.beans.factory.xml.XmlBeanDefinitionReader.loadBeanDefinitions(XmlBeanDefinitionReader.java:336)
	... 36 more
Sep 24, 2008 3:54:43 PM org.apache.catalina.core.ApplicationContext log
INFO: Closing Spring root WebApplicationContext
Sep 24, 2008 3:54:43 PM org.apache.catalina.core.ApplicationContext log
INFO: ContextListener: contextInitialized()
Sep 24, 2008 3:54:43 PM org.apache.catalina.core.ApplicationContext log
INFO: SessionListener: contextInitialized()
Sep 24, 2008 3:54:56 PM org.apache.catalina.core.ApplicationContext log
INFO: SessionListener: contextDestroyed()
Sep 24, 2008 3:54:56 PM org.apache.catalina.core.ApplicationContext log
INFO: ContextListener: contextDestroyed()
Sep 24, 2008 3:58:15 PM org.apache.catalina.core.ApplicationContext log
INFO: Initializing Spring root WebApplicationContext
Sep 24, 2008 3:58:15 PM org.apache.catalina.core.ApplicationContext log
INFO: Initializing Spring FrameworkServlet 'site'
Sep 24, 2008 3:58:16 PM org.apache.catalina.core.ApplicationContext log
SEVERE: StandardWrapper.Throwable
org.springframework.beans.factory.BeanCreationException: Error creating bean with name 'urlBasedViewResolver' defined in ServletContext resource [/WEB-INF/site-servlet.xml]: Initialization of bean failed; nested exception is java.lang.IllegalArgumentException: Property 'viewClass' is required
	at org.springframework.beans.factory.support.AbstractAutowireCapableBeanFactory.doCreateBean(AbstractAutowireCapableBeanFactory.java:478)
	at org.springframework.beans.factory.support.AbstractAutowireCapableBeanFactory$1.run(AbstractAutowireCapableBeanFactory.java:409)
	at java.security.AccessController.doPrivileged(Native Method)
	at org.springframework.beans.factory.support.AbstractAutowireCapableBeanFactory.createBean(AbstractAutowireCapableBeanFactory.java:380)
	at org.springframework.beans.factory.support.AbstractBeanFactory$1.getObject(AbstractBeanFactory.java:264)
	at org.springframework.beans.factory.support.DefaultSingletonBeanRegistry.getSingleton(DefaultSingletonBeanRegistry.java:220)
	at org.springframework.beans.factory.support.AbstractBeanFactory.doGetBean(AbstractBeanFactory.java:261)
	at org.springframework.beans.factory.support.AbstractBeanFactory.getBean(AbstractBeanFactory.java:185)
	at org.springframework.beans.factory.support.AbstractBeanFactory.getBean(AbstractBeanFactory.java:164)
	at org.springframework.beans.factory.support.DefaultListableBeanFactory.preInstantiateSingletons(DefaultListableBeanFactory.java:429)
	at org.springframework.context.support.AbstractApplicationContext.finishBeanFactoryInitialization(AbstractApplicationContext.java:729)
	at org.springframework.context.support.AbstractApplicationContext.refresh(AbstractApplicationContext.java:381)
	at org.springframework.web.servlet.FrameworkServlet.createWebApplicationContext(FrameworkServlet.java:402)
	at org.springframework.web.servlet.FrameworkServlet.initWebApplicationContext(FrameworkServlet.java:316)
	at org.springframework.web.servlet.FrameworkServlet.initServletBean(FrameworkServlet.java:282)
	at org.springframework.web.servlet.HttpServletBean.init(HttpServletBean.java:126)
	at javax.servlet.GenericServlet.init(GenericServlet.java:212)
	at org.apache.catalina.core.StandardWrapper.loadServlet(StandardWrapper.java:1161)
	at org.apache.catalina.core.StandardWrapper.load(StandardWrapper.java:981)
	at org.apache.catalina.core.StandardContext.loadOnStartup(StandardContext.java:4045)
	at org.apache.catalina.core.StandardContext.start(StandardContext.java:4351)
	at org.apache.catalina.core.ContainerBase.addChildInternal(ContainerBase.java:791)
	at org.apache.catalina.core.ContainerBase.addChild(ContainerBase.java:771)
	at org.apache.catalina.core.StandardHost.addChild(StandardHost.java:525)
	at org.apache.catalina.startup.HostConfig.deployDescriptor(HostConfig.java:626)
	at org.apache.catalina.startup.HostConfig.deployDescriptors(HostConfig.java:553)
	at org.apache.catalina.startup.HostConfig.deployApps(HostConfig.java:488)
	at org.apache.catalina.startup.HostConfig.start(HostConfig.java:1138)
	at org.apache.catalina.startup.HostConfig.lifecycleEvent(HostConfig.java:311)
	at org.apache.catalina.util.LifecycleSupport.fireLifecycleEvent(LifecycleSupport.java:117)
	at org.apache.catalina.core.ContainerBase.start(ContainerBase.java:1053)
	at org.apache.catalina.core.StandardHost.start(StandardHost.java:719)
	at org.apache.catalina.core.ContainerBase.start(ContainerBase.java:1045)
	at org.apache.catalina.core.StandardEngine.start(StandardEngine.java:443)
	at org.apache.catalina.core.StandardService.start(StandardService.java:516)
	at org.apache.catalina.core.StandardServer.start(StandardServer.java:710)
	at org.apache.catalina.startup.Catalina.start(Catalina.java:566)
	at sun.reflect.NativeMethodAccessorImpl.invoke0(Native Method)
	at sun.reflect.NativeMethodAccessorImpl.invoke(NativeMethodAccessorImpl.java:39)
	at sun.reflect.DelegatingMethodAccessorImpl.invoke(DelegatingMethodAccessorImpl.java:25)
	at java.lang.reflect.Method.invoke(Method.java:585)
	at org.apache.catalina.startup.Bootstrap.start(Bootstrap.java:288)
	at org.apache.catalina.startup.Bootstrap.main(Bootstrap.java:413)
Caused by: java.lang.IllegalArgumentException: Property 'viewClass' is required
	at org.springframework.web.servlet.view.UrlBasedViewResolver.initApplicationContext(UrlBasedViewResolver.java:339)
	at org.springframework.context.support.ApplicationObjectSupport.initApplicationContext(ApplicationObjectSupport.java:119)
	at org.springframework.web.context.support.WebApplicationObjectSupport.initApplicationContext(WebApplicationObjectSupport.java:69)
	at org.springframework.context.support.ApplicationObjectSupport.setApplicationContext(ApplicationObjectSupport.java:73)
	at org.springframework.context.support.ApplicationContextAwareProcessor.postProcessBeforeInitialization(ApplicationContextAwareProcessor.java:70)
	at org.springframework.beans.factory.support.AbstractAutowireCapableBeanFactory.applyBeanPostProcessorsBeforeInitialization(AbstractAutowireCapableBeanFactory.java:350)
	at org.springframework.beans.factory.support.AbstractAutowireCapableBeanFactory.initializeBean(AbstractAutowireCapableBeanFactory.java:1329)
	at org.springframework.beans.factory.support.AbstractAutowireCapableBeanFactory.doCreateBean(AbstractAutowireCapableBeanFactory.java:471)
	... 42 more
Sep 24, 2008 3:58:16 PM org.apache.catalina.core.StandardContext loadOnStartup
SEVERE: Servlet /site threw load() exception
java.lang.IllegalArgumentException: Property 'viewClass' is required
	at org.springframework.web.servlet.view.UrlBasedViewResolver.initApplicationContext(UrlBasedViewResolver.java:339)
	at org.springframework.context.support.ApplicationObjectSupport.initApplicationContext(ApplicationObjectSupport.java:119)
	at org.springframework.web.context.support.WebApplicationObjectSupport.initApplicationContext(WebApplicationObjectSupport.java:69)
	at org.springframework.context.support.ApplicationObjectSupport.setApplicationContext(ApplicationObjectSupport.java:73)
	at org.springframework.context.support.ApplicationContextAwareProcessor.postProcessBeforeInitialization(ApplicationContextAwareProcessor.java:70)
	at org.springframework.beans.factory.support.AbstractAutowireCapableBeanFactory.applyBeanPostProcessorsBeforeInitialization(AbstractAutowireCapableBeanFactory.java:350)
	at org.springframework.beans.factory.support.AbstractAutowireCapableBeanFactory.initializeBean(AbstractAutowireCapableBeanFactory.java:1329)
	at org.springframework.beans.factory.support.AbstractAutowireCapableBeanFactory.doCreateBean(AbstractAutowireCapableBeanFactory.java:471)
	at org.springframework.beans.factory.support.AbstractAutowireCapableBeanFactory$1.run(AbstractAutowireCapableBeanFactory.java:409)
	at java.security.AccessController.doPrivileged(Native Method)
	at org.springframework.beans.factory.support.AbstractAutowireCapableBeanFactory.createBean(AbstractAutowireCapableBeanFactory.java:380)
	at org.springframework.beans.factory.support.AbstractBeanFactory$1.getObject(AbstractBeanFactory.java:264)
	at org.springframework.beans.factory.support.DefaultSingletonBeanRegistry.getSingleton(DefaultSingletonBeanRegistry.java:220)
	at org.springframework.beans.factory.support.AbstractBeanFactory.doGetBean(AbstractBeanFactory.java:261)
	at org.springframework.beans.factory.support.AbstractBeanFactory.getBean(AbstractBeanFactory.java:185)
	at org.springframework.beans.factory.support.AbstractBeanFactory.getBean(AbstractBeanFactory.java:164)
	at org.springframework.beans.factory.support.DefaultListableBeanFactory.preInstantiateSingletons(DefaultListableBeanFactory.java:429)
	at org.springframework.context.support.AbstractApplicationContext.finishBeanFactoryInitialization(AbstractApplicationContext.java:729)
	at org.springframework.context.support.AbstractApplicationContext.refresh(AbstractApplicationContext.java:381)
	at org.springframework.web.servlet.FrameworkServlet.createWebApplicationContext(FrameworkServlet.java:402)
	at org.springframework.web.servlet.FrameworkServlet.initWebApplicationContext(FrameworkServlet.java:316)
	at org.springframework.web.servlet.FrameworkServlet.initServletBean(FrameworkServlet.java:282)
	at org.springframework.web.servlet.HttpServletBean.init(HttpServletBean.java:126)
	at javax.servlet.GenericServlet.init(GenericServlet.java:212)
	at org.apache.catalina.core.StandardWrapper.loadServlet(StandardWrapper.java:1161)
	at org.apache.catalina.core.StandardWrapper.load(StandardWrapper.java:981)
	at org.apache.catalina.core.StandardContext.loadOnStartup(StandardContext.java:4045)
	at org.apache.catalina.core.StandardContext.start(StandardContext.java:4351)
	at org.apache.catalina.core.ContainerBase.addChildInternal(ContainerBase.java:791)
	at org.apache.catalina.core.ContainerBase.addChild(ContainerBase.java:771)
	at org.apache.catalina.core.StandardHost.addChild(StandardHost.java:525)
	at org.apache.catalina.startup.HostConfig.deployDescriptor(HostConfig.java:626)
	at org.apache.catalina.startup.HostConfig.deployDescriptors(HostConfig.java:553)
	at org.apache.catalina.startup.HostConfig.deployApps(HostConfig.java:488)
	at org.apache.catalina.startup.HostConfig.start(HostConfig.java:1138)
	at org.apache.catalina.startup.HostConfig.lifecycleEvent(HostConfig.java:311)
	at org.apache.catalina.util.LifecycleSupport.fireLifecycleEvent(LifecycleSupport.java:117)
	at org.apache.catalina.core.ContainerBase.start(ContainerBase.java:1053)
	at org.apache.catalina.core.StandardHost.start(StandardHost.java:719)
	at org.apache.catalina.core.ContainerBase.start(ContainerBase.java:1045)
	at org.apache.catalina.core.StandardEngine.start(StandardEngine.java:443)
	at org.apache.catalina.core.StandardService.start(StandardService.java:516)
	at org.apache.catalina.core.StandardServer.start(StandardServer.java:710)
	at org.apache.catalina.startup.Catalina.start(Catalina.java:566)
	at sun.reflect.NativeMethodAccessorImpl.invoke0(Native Method)
	at sun.reflect.NativeMethodAccessorImpl.invoke(NativeMethodAccessorImpl.java:39)
	at sun.reflect.DelegatingMethodAccessorImpl.invoke(DelegatingMethodAccessorImpl.java:25)
	at java.lang.reflect.Method.invoke(Method.java:585)
	at org.apache.catalina.startup.Bootstrap.start(Bootstrap.java:288)
	at org.apache.catalina.startup.Bootstrap.main(Bootstrap.java:413)
Sep 24, 2008 3:58:16 PM org.apache.catalina.core.ApplicationContext log
INFO: ContextListener: contextInitialized()
Sep 24, 2008 3:58:16 PM org.apache.catalina.core.ApplicationContext log
INFO: SessionListener: contextInitialized()
Sep 24, 2008 4:01:19 PM org.apache.catalina.core.ApplicationContext log
INFO: SessionListener: contextDestroyed()
Sep 24, 2008 4:01:19 PM org.apache.catalina.core.ApplicationContext log
INFO: ContextListener: contextDestroyed()
Sep 24, 2008 4:01:20 PM org.apache.catalina.core.ApplicationContext log
INFO: Closing Spring root WebApplicationContext
Sep 24, 2008 4:03:22 PM org.apache.catalina.core.ApplicationContext log
INFO: Initializing Spring root WebApplicationContext
Sep 24, 2008 4:03:23 PM org.apache.catalina.core.ApplicationContext log
INFO: Initializing Spring FrameworkServlet 'site'
Sep 24, 2008 4:03:24 PM org.apache.catalina.core.ApplicationContext log
INFO: ContextListener: contextInitialized()
Sep 24, 2008 4:03:24 PM org.apache.catalina.core.ApplicationContext log
INFO: SessionListener: contextInitialized()
Sep 24, 2008 4:03:45 PM org.apache.catalina.core.ApplicationContext log
INFO: SessionListener: contextDestroyed()
Sep 24, 2008 4:03:45 PM org.apache.catalina.core.ApplicationContext log
INFO: ContextListener: contextDestroyed()
Sep 24, 2008 4:03:45 PM org.apache.catalina.core.ApplicationContext log
INFO: Destroying Spring FrameworkServlet 'site'
Sep 24, 2008 4:03:45 PM org.apache.catalina.core.ApplicationContext log
INFO: Closing Spring root WebApplicationContext
Sep 24, 2008 4:10:06 PM org.apache.catalina.core.ApplicationContext log
INFO: Initializing Spring root WebApplicationContext
Sep 24, 2008 4:10:07 PM org.apache.catalina.core.ApplicationContext log
INFO: Initializing Spring FrameworkServlet 'site'
Sep 24, 2008 4:10:08 PM org.apache.catalina.core.ApplicationContext log
INFO: ContextListener: contextInitialized()
Sep 24, 2008 4:10:08 PM org.apache.catalina.core.ApplicationContext log
INFO: SessionListener: contextInitialized()
Sep 24, 2008 4:11:39 PM org.apache.catalina.core.ApplicationContext log
INFO: SessionListener: contextDestroyed()
Sep 24, 2008 4:11:39 PM org.apache.catalina.core.ApplicationContext log
INFO: ContextListener: contextDestroyed()
Sep 24, 2008 4:11:39 PM org.apache.catalina.core.ApplicationContext log
INFO: Destroying Spring FrameworkServlet 'site'
Sep 24, 2008 4:11:39 PM org.apache.catalina.core.ApplicationContext log
INFO: Closing Spring root WebApplicationContext
Sep 24, 2008 4:11:44 PM org.apache.catalina.core.ApplicationContext log
INFO: Initializing Spring root WebApplicationContext
Sep 24, 2008 4:11:44 PM org.apache.catalina.core.ApplicationContext log
INFO: Initializing Spring FrameworkServlet 'site'
Sep 24, 2008 4:11:46 PM org.apache.catalina.core.ApplicationContext log
INFO: ContextListener: contextInitialized()
Sep 24, 2008 4:11:46 PM org.apache.catalina.core.ApplicationContext log
INFO: SessionListener: contextInitialized()
Sep 24, 2008 4:12:12 PM org.apache.catalina.core.ApplicationContext log
INFO: SessionListener: contextDestroyed()
Sep 24, 2008 4:12:12 PM org.apache.catalina.core.ApplicationContext log
INFO: ContextListener: contextDestroyed()
Sep 24, 2008 4:12:12 PM org.apache.catalina.core.ApplicationContext log
INFO: Destroying Spring FrameworkServlet 'site'
Sep 24, 2008 4:12:12 PM org.apache.catalina.core.ApplicationContext log
INFO: Closing Spring root WebApplicationContext
Sep 24, 2008 4:12:31 PM org.apache.catalina.core.ApplicationContext log
INFO: Initializing Spring root WebApplicationContext
Sep 24, 2008 4:12:32 PM org.apache.catalina.core.ApplicationContext log
INFO: Initializing Spring FrameworkServlet 'site'
Sep 24, 2008 4:12:33 PM org.apache.catalina.core.ApplicationContext log
INFO: ContextListener: contextInitialized()
Sep 24, 2008 4:12:33 PM org.apache.catalina.core.ApplicationContext log
INFO: SessionListener: contextInitialized()
Sep 24, 2008 4:13:25 PM org.apache.catalina.core.ApplicationContext log
INFO: SessionListener: contextDestroyed()
Sep 24, 2008 4:13:25 PM org.apache.catalina.core.ApplicationContext log
INFO: ContextListener: contextDestroyed()
Sep 24, 2008 4:13:25 PM org.apache.catalina.core.ApplicationContext log
INFO: Destroying Spring FrameworkServlet 'site'
Sep 24, 2008 4:13:25 PM org.apache.catalina.core.ApplicationContext log
INFO: Closing Spring root WebApplicationContext
