Sep 30, 2008 11:54:51 AM org.apache.catalina.core.ApplicationContext log
INFO: Initializing Spring root WebApplicationContext
Sep 30, 2008 11:54:53 AM org.apache.catalina.core.ApplicationContext log
INFO: Initializing Spring FrameworkServlet 'site'
Sep 30, 2008 11:54:54 AM org.apache.catalina.core.ApplicationContext log
SEVERE: StandardWrapper.Throwable
org.springframework.beans.factory.BeanCreationException: Error creating bean with name 'ajax_simpleUrlHandlerMapping' defined in ServletContext resource [/WEB-INF/site-servlet.xml]: Initialization of bean failed; nested exception is org.springframework.beans.factory.BeanCreationException: Error creating bean with name 'AjaxLoginController' defined in ServletContext resource [/WEB-INF/site-servlet.xml]: Initialization of bean failed; nested exception is java.lang.IllegalArgumentException: Validator [foo.bar.site.validator.LoginFormControllerCommandValidator@c5aa00] does not support command class [foo.bar.site.controller.LoginFormControllerCommand]
	at org.springframework.beans.factory.support.AbstractAutowireCapableBeanFactory.doCreateBean(AbstractAutowireCapableBeanFactory.java:478)
	at org.springframework.beans.factory.support.AbstractAutowireCapableBeanFactory$1.run(AbstractAutowireCapableBeanFactory.java:409)
	at java.security.AccessController.doPrivileged(Native Method)
	at org.springframework.beans.factory.support.AbstractAutowireCapableBeanFactory.createBean(AbstractAutowireCapableBeanFactory.java:380)
	at org.springframework.beans.factory.support.AbstractBeanFactory$1.getObject(AbstractBeanFactory.java:264)
	at org.springframework.beans.factory.support.DefaultSingletonBeanRegistry.getSingleton(DefaultSingletonBeanRegistry.java:220)
	at org.springframework.beans.factory.support.AbstractBeanFactory.doGetBean(AbstractBeanFactory.java:261)
	at org.springframework.beans.factory.support.AbstractBeanFactory.getBean(AbstractBeanFactory.java:185)
	at org.springframework.beans.factory.support.AbstractBeanFactory.getBean(AbstractBeanFactory.java:164)
	at org.springframework.beans.factory.support.DefaultListableBeanFactory.preInstantiateSingletons(DefaultListableBeanFactory.java:429)
	at org.springframework.context.support.AbstractApplicationContext.finishBeanFactoryInitialization(AbstractApplicationContext.java:729)
	at org.springframework.context.support.AbstractApplicationContext.refresh(AbstractApplicationContext.java:381)
	at org.springframework.web.servlet.FrameworkServlet.createWebApplicationContext(FrameworkServlet.java:402)
	at org.springframework.web.servlet.FrameworkServlet.initWebApplicationContext(FrameworkServlet.java:316)
	at org.springframework.web.servlet.FrameworkServlet.initServletBean(FrameworkServlet.java:282)
	at org.springframework.web.servlet.HttpServletBean.init(HttpServletBean.java:126)
	at javax.servlet.GenericServlet.init(GenericServlet.java:212)
	at org.apache.catalina.core.StandardWrapper.loadServlet(StandardWrapper.java:1161)
	at org.apache.catalina.core.StandardWrapper.load(StandardWrapper.java:981)
	at org.apache.catalina.core.StandardContext.loadOnStartup(StandardContext.java:4045)
	at org.apache.catalina.core.StandardContext.start(StandardContext.java:4351)
	at org.apache.catalina.core.ContainerBase.addChildInternal(ContainerBase.java:791)
	at org.apache.catalina.core.ContainerBase.addChild(ContainerBase.java:771)
	at org.apache.catalina.core.StandardHost.addChild(StandardHost.java:525)
	at org.apache.catalina.startup.HostConfig.deployDescriptor(HostConfig.java:626)
	at org.apache.catalina.startup.HostConfig.deployDescriptors(HostConfig.java:553)
	at org.apache.catalina.startup.HostConfig.deployApps(HostConfig.java:488)
	at org.apache.catalina.startup.HostConfig.start(HostConfig.java:1138)
	at org.apache.catalina.startup.HostConfig.lifecycleEvent(HostConfig.java:311)
	at org.apache.catalina.util.LifecycleSupport.fireLifecycleEvent(LifecycleSupport.java:117)
	at org.apache.catalina.core.ContainerBase.start(ContainerBase.java:1053)
	at org.apache.catalina.core.StandardHost.start(StandardHost.java:719)
	at org.apache.catalina.core.ContainerBase.start(ContainerBase.java:1045)
	at org.apache.catalina.core.StandardEngine.start(StandardEngine.java:443)
	at org.apache.catalina.core.StandardService.start(StandardService.java:516)
	at org.apache.catalina.core.StandardServer.start(StandardServer.java:710)
	at org.apache.catalina.startup.Catalina.start(Catalina.java:566)
	at sun.reflect.NativeMethodAccessorImpl.invoke0(Native Method)
	at sun.reflect.NativeMethodAccessorImpl.invoke(NativeMethodAccessorImpl.java:39)
	at sun.reflect.DelegatingMethodAccessorImpl.invoke(DelegatingMethodAccessorImpl.java:25)
	at java.lang.reflect.Method.invoke(Method.java:585)
	at org.apache.catalina.startup.Bootstrap.start(Bootstrap.java:288)
	at org.apache.catalina.startup.Bootstrap.main(Bootstrap.java:413)
Caused by: org.springframework.beans.factory.BeanCreationException: Error creating bean with name 'AjaxLoginController' defined in ServletContext resource [/WEB-INF/site-servlet.xml]: Initialization of bean failed; nested exception is java.lang.IllegalArgumentException: Validator [foo.bar.site.validator.LoginFormControllerCommandValidator@c5aa00] does not support command class [foo.bar.site.controller.LoginFormControllerCommand]
	at org.springframework.beans.factory.support.AbstractAutowireCapableBeanFactory.doCreateBean(AbstractAutowireCapableBeanFactory.java:478)
	at org.springframework.beans.factory.support.AbstractAutowireCapableBeanFactory$1.run(AbstractAutowireCapableBeanFactory.java:409)
	at java.security.AccessController.doPrivileged(Native Method)
	at org.springframework.beans.factory.support.AbstractAutowireCapableBeanFactory.createBean(AbstractAutowireCapableBeanFactory.java:380)
	at org.springframework.beans.factory.support.AbstractBeanFactory$1.getObject(AbstractBeanFactory.java:264)
	at org.springframework.beans.factory.support.DefaultSingletonBeanRegistry.getSingleton(DefaultSingletonBeanRegistry.java:220)
	at org.springframework.beans.factory.support.AbstractBeanFactory.doGetBean(AbstractBeanFactory.java:261)
	at org.springframework.beans.factory.support.AbstractBeanFactory.getBean(AbstractBeanFactory.java:185)
	at org.springframework.beans.factory.support.AbstractBeanFactory.getBean(AbstractBeanFactory.java:164)
	at org.springframework.context.support.AbstractApplicationContext.getBean(AbstractApplicationContext.java:881)
	at org.springframework.web.servlet.handler.AbstractUrlHandlerMapping.registerHandler(AbstractUrlHandlerMapping.java:295)
	at org.springframework.web.servlet.handler.SimpleUrlHandlerMapping.registerHandlers(SimpleUrlHandlerMapping.java:129)
	at org.springframework.web.servlet.handler.SimpleUrlHandlerMapping.initApplicationContext(SimpleUrlHandlerMapping.java:103)
	at org.springframework.context.support.ApplicationObjectSupport.initApplicationContext(ApplicationObjectSupport.java:119)
	at org.springframework.web.context.support.WebApplicationObjectSupport.initApplicationContext(WebApplicationObjectSupport.java:69)
	at org.springframework.context.support.ApplicationObjectSupport.setApplicationContext(ApplicationObjectSupport.java:73)
	at org.springframework.context.support.ApplicationContextAwareProcessor.postProcessBeforeInitialization(ApplicationContextAwareProcessor.java:70)
	at org.springframework.beans.factory.support.AbstractAutowireCapableBeanFactory.applyBeanPostProcessorsBeforeInitialization(AbstractAutowireCapableBeanFactory.java:350)
	at org.springframework.beans.factory.support.AbstractAutowireCapableBeanFactory.initializeBean(AbstractAutowireCapableBeanFactory.java:1329)
	at org.springframework.beans.factory.support.AbstractAutowireCapableBeanFactory.doCreateBean(AbstractAutowireCapableBeanFactory.java:471)
	... 42 more
Caused by: java.lang.IllegalArgumentException: Validator [foo.bar.site.validator.LoginFormControllerCommandValidator@c5aa00] does not support command class [foo.bar.site.controller.LoginFormControllerCommand]
	at org.springframework.web.servlet.mvc.BaseCommandController.initApplicationContext(BaseCommandController.java:326)
	at org.springframework.context.support.ApplicationObjectSupport.initApplicationContext(ApplicationObjectSupport.java:119)
	at org.springframework.web.context.support.WebApplicationObjectSupport.initApplicationContext(WebApplicationObjectSupport.java:69)
	at org.springframework.context.support.ApplicationObjectSupport.setApplicationContext(ApplicationObjectSupport.java:73)
	at org.springframework.context.support.ApplicationContextAwareProcessor.postProcessBeforeInitialization(ApplicationContextAwareProcessor.java:70)
	at org.springframework.beans.factory.support.AbstractAutowireCapableBeanFactory.applyBeanPostProcessorsBeforeInitialization(AbstractAutowireCapableBeanFactory.java:350)
	at org.springframework.beans.factory.support.AbstractAutowireCapableBeanFactory.initializeBean(AbstractAutowireCapableBeanFactory.java:1329)
	at org.springframework.beans.factory.support.AbstractAutowireCapableBeanFactory.doCreateBean(AbstractAutowireCapableBeanFactory.java:471)
	... 61 more
Sep 30, 2008 11:54:54 AM org.apache.catalina.core.StandardContext loadOnStartup
SEVERE: Servlet /site threw load() exception
java.lang.IllegalArgumentException: Validator [foo.bar.site.validator.LoginFormControllerCommandValidator@c5aa00] does not support command class [foo.bar.site.controller.LoginFormControllerCommand]
	at org.springframework.web.servlet.mvc.BaseCommandController.initApplicationContext(BaseCommandController.java:326)
	at org.springframework.context.support.ApplicationObjectSupport.initApplicationContext(ApplicationObjectSupport.java:119)
	at org.springframework.web.context.support.WebApplicationObjectSupport.initApplicationContext(WebApplicationObjectSupport.java:69)
	at org.springframework.context.support.ApplicationObjectSupport.setApplicationContext(ApplicationObjectSupport.java:73)
	at org.springframework.context.support.ApplicationContextAwareProcessor.postProcessBeforeInitialization(ApplicationContextAwareProcessor.java:70)
	at org.springframework.beans.factory.support.AbstractAutowireCapableBeanFactory.applyBeanPostProcessorsBeforeInitialization(AbstractAutowireCapableBeanFactory.java:350)
	at org.springframework.beans.factory.support.AbstractAutowireCapableBeanFactory.initializeBean(AbstractAutowireCapableBeanFactory.java:1329)
	at org.springframework.beans.factory.support.AbstractAutowireCapableBeanFactory.doCreateBean(AbstractAutowireCapableBeanFactory.java:471)
	at org.springframework.beans.factory.support.AbstractAutowireCapableBeanFactory$1.run(AbstractAutowireCapableBeanFactory.java:409)
	at java.security.AccessController.doPrivileged(Native Method)
	at org.springframework.beans.factory.support.AbstractAutowireCapableBeanFactory.createBean(AbstractAutowireCapableBeanFactory.java:380)
	at org.springframework.beans.factory.support.AbstractBeanFactory$1.getObject(AbstractBeanFactory.java:264)
	at org.springframework.beans.factory.support.DefaultSingletonBeanRegistry.getSingleton(DefaultSingletonBeanRegistry.java:220)
	at org.springframework.beans.factory.support.AbstractBeanFactory.doGetBean(AbstractBeanFactory.java:261)
	at org.springframework.beans.factory.support.AbstractBeanFactory.getBean(AbstractBeanFactory.java:185)
	at org.springframework.beans.factory.support.AbstractBeanFactory.getBean(AbstractBeanFactory.java:164)
	at org.springframework.context.support.AbstractApplicationContext.getBean(AbstractApplicationContext.java:881)
	at org.springframework.web.servlet.handler.AbstractUrlHandlerMapping.registerHandler(AbstractUrlHandlerMapping.java:295)
	at org.springframework.web.servlet.handler.SimpleUrlHandlerMapping.registerHandlers(SimpleUrlHandlerMapping.java:129)
	at org.springframework.web.servlet.handler.SimpleUrlHandlerMapping.initApplicationContext(SimpleUrlHandlerMapping.java:103)
	at org.springframework.context.support.ApplicationObjectSupport.initApplicationContext(ApplicationObjectSupport.java:119)
	at org.springframework.web.context.support.WebApplicationObjectSupport.initApplicationContext(WebApplicationObjectSupport.java:69)
	at org.springframework.context.support.ApplicationObjectSupport.setApplicationContext(ApplicationObjectSupport.java:73)
	at org.springframework.context.support.ApplicationContextAwareProcessor.postProcessBeforeInitialization(ApplicationContextAwareProcessor.java:70)
	at org.springframework.beans.factory.support.AbstractAutowireCapableBeanFactory.applyBeanPostProcessorsBeforeInitialization(AbstractAutowireCapableBeanFactory.java:350)
	at org.springframework.beans.factory.support.AbstractAutowireCapableBeanFactory.initializeBean(AbstractAutowireCapableBeanFactory.java:1329)
	at org.springframework.beans.factory.support.AbstractAutowireCapableBeanFactory.doCreateBean(AbstractAutowireCapableBeanFactory.java:471)
	at org.springframework.beans.factory.support.AbstractAutowireCapableBeanFactory$1.run(AbstractAutowireCapableBeanFactory.java:409)
	at java.security.AccessController.doPrivileged(Native Method)
	at org.springframework.beans.factory.support.AbstractAutowireCapableBeanFactory.createBean(AbstractAutowireCapableBeanFactory.java:380)
	at org.springframework.beans.factory.support.AbstractBeanFactory$1.getObject(AbstractBeanFactory.java:264)
	at org.springframework.beans.factory.support.DefaultSingletonBeanRegistry.getSingleton(DefaultSingletonBeanRegistry.java:220)
	at org.springframework.beans.factory.support.AbstractBeanFactory.doGetBean(AbstractBeanFactory.java:261)
	at org.springframework.beans.factory.support.AbstractBeanFactory.getBean(AbstractBeanFactory.java:185)
	at org.springframework.beans.factory.support.AbstractBeanFactory.getBean(AbstractBeanFactory.java:164)
	at org.springframework.beans.factory.support.DefaultListableBeanFactory.preInstantiateSingletons(DefaultListableBeanFactory.java:429)
	at org.springframework.context.support.AbstractApplicationContext.finishBeanFactoryInitialization(AbstractApplicationContext.java:729)
	at org.springframework.context.support.AbstractApplicationContext.refresh(AbstractApplicationContext.java:381)
	at org.springframework.web.servlet.FrameworkServlet.createWebApplicationContext(FrameworkServlet.java:402)
	at org.springframework.web.servlet.FrameworkServlet.initWebApplicationContext(FrameworkServlet.java:316)
	at org.springframework.web.servlet.FrameworkServlet.initServletBean(FrameworkServlet.java:282)
	at org.springframework.web.servlet.HttpServletBean.init(HttpServletBean.java:126)
	at javax.servlet.GenericServlet.init(GenericServlet.java:212)
	at org.apache.catalina.core.StandardWrapper.loadServlet(StandardWrapper.java:1161)
	at org.apache.catalina.core.StandardWrapper.load(StandardWrapper.java:981)
	at org.apache.catalina.core.StandardContext.loadOnStartup(StandardContext.java:4045)
	at org.apache.catalina.core.StandardContext.start(StandardContext.java:4351)
	at org.apache.catalina.core.ContainerBase.addChildInternal(ContainerBase.java:791)
	at org.apache.catalina.core.ContainerBase.addChild(ContainerBase.java:771)
	at org.apache.catalina.core.StandardHost.addChild(StandardHost.java:525)
	at org.apache.catalina.startup.HostConfig.deployDescriptor(HostConfig.java:626)
	at org.apache.catalina.startup.HostConfig.deployDescriptors(HostConfig.java:553)
	at org.apache.catalina.startup.HostConfig.deployApps(HostConfig.java:488)
	at org.apache.catalina.startup.HostConfig.start(HostConfig.java:1138)
	at org.apache.catalina.startup.HostConfig.lifecycleEvent(HostConfig.java:311)
	at org.apache.catalina.util.LifecycleSupport.fireLifecycleEvent(LifecycleSupport.java:117)
	at org.apache.catalina.core.ContainerBase.start(ContainerBase.java:1053)
	at org.apache.catalina.core.StandardHost.start(StandardHost.java:719)
	at org.apache.catalina.core.ContainerBase.start(ContainerBase.java:1045)
	at org.apache.catalina.core.StandardEngine.start(StandardEngine.java:443)
	at org.apache.catalina.core.StandardService.start(StandardService.java:516)
	at org.apache.catalina.core.StandardServer.start(StandardServer.java:710)
	at org.apache.catalina.startup.Catalina.start(Catalina.java:566)
	at sun.reflect.NativeMethodAccessorImpl.invoke0(Native Method)
	at sun.reflect.NativeMethodAccessorImpl.invoke(NativeMethodAccessorImpl.java:39)
	at sun.reflect.DelegatingMethodAccessorImpl.invoke(DelegatingMethodAccessorImpl.java:25)
	at java.lang.reflect.Method.invoke(Method.java:585)
	at org.apache.catalina.startup.Bootstrap.start(Bootstrap.java:288)
	at org.apache.catalina.startup.Bootstrap.main(Bootstrap.java:413)
Sep 30, 2008 11:54:54 AM org.apache.catalina.core.ApplicationContext log
INFO: ContextListener: contextInitialized()
Sep 30, 2008 11:54:54 AM org.apache.catalina.core.ApplicationContext log
INFO: SessionListener: contextInitialized()
Sep 30, 2008 11:55:13 AM org.apache.catalina.core.ApplicationContext log
INFO: SessionListener: contextDestroyed()
Sep 30, 2008 11:55:13 AM org.apache.catalina.core.ApplicationContext log
INFO: ContextListener: contextDestroyed()
Sep 30, 2008 11:55:13 AM org.apache.catalina.core.ApplicationContext log
INFO: Closing Spring root WebApplicationContext
Sep 30, 2008 11:55:47 AM org.apache.catalina.core.ApplicationContext log
INFO: Initializing Spring root WebApplicationContext
Sep 30, 2008 11:55:49 AM org.apache.catalina.core.ApplicationContext log
INFO: Initializing Spring FrameworkServlet 'site'
Sep 30, 2008 11:55:50 AM org.apache.catalina.core.ApplicationContext log
INFO: ContextListener: contextInitialized()
Sep 30, 2008 11:55:50 AM org.apache.catalina.core.ApplicationContext log
INFO: SessionListener: contextInitialized()
Sep 30, 2008 11:56:49 AM org.apache.catalina.core.StandardWrapperValve invoke
SEVERE: Servlet.service() for servlet site threw exception
java.lang.ClassCastException: foo.bar.site.controller.LoginFormControllerCommand
	at foo.bar.site.validator.LoginFormControllerCommandValidator.validate(LoginFormControllerCommandValidator.java:18)
	at org.springframework.validation.ValidationUtils.invokeValidator(ValidationUtils.java:63)
	at org.springframework.web.servlet.mvc.BaseCommandController.bindAndValidate(BaseCommandController.java:395)
	at org.springframework.web.servlet.mvc.AbstractFormController.handleRequestInternal(AbstractFormController.java:263)
	at org.springframework.web.servlet.mvc.AbstractController.handleRequest(AbstractController.java:153)
	at org.springframework.web.servlet.mvc.SimpleControllerHandlerAdapter.handle(SimpleControllerHandlerAdapter.java:48)
	at org.springframework.web.servlet.DispatcherServlet.doDispatch(DispatcherServlet.java:875)
	at org.springframework.web.servlet.DispatcherServlet.doService(DispatcherServlet.java:809)
	at org.springframework.web.servlet.FrameworkServlet.processRequest(FrameworkServlet.java:571)
	at org.springframework.web.servlet.FrameworkServlet.doPost(FrameworkServlet.java:511)
	at javax.servlet.http.HttpServlet.service(HttpServlet.java:710)
	at javax.servlet.http.HttpServlet.service(HttpServlet.java:803)
	at org.apache.catalina.core.ApplicationFilterChain.internalDoFilter(ApplicationFilterChain.java:290)
	at org.apache.catalina.core.ApplicationFilterChain.doFilter(ApplicationFilterChain.java:206)
	at org.apache.catalina.core.StandardWrapperValve.invoke(StandardWrapperValve.java:233)
	at org.apache.catalina.core.StandardContextValve.invoke(StandardContextValve.java:175)
	at org.apache.catalina.core.StandardHostValve.invoke(StandardHostValve.java:128)
	at org.apache.catalina.valves.ErrorReportValve.invoke(ErrorReportValve.java:102)
	at org.apache.catalina.core.StandardEngineValve.invoke(StandardEngineValve.java:109)
	at org.apache.catalina.connector.CoyoteAdapter.service(CoyoteAdapter.java:263)
	at org.apache.coyote.http11.Http11Processor.process(Http11Processor.java:844)
	at org.apache.coyote.http11.Http11Protocol$Http11ConnectionHandler.process(Http11Protocol.java:584)
	at org.apache.tomcat.util.net.JIoEndpoint$Worker.run(JIoEndpoint.java:447)
	at java.lang.Thread.run(Thread.java:595)
Sep 30, 2008 11:57:10 AM org.apache.catalina.core.ApplicationContext log
INFO: SessionListener: contextDestroyed()
Sep 30, 2008 11:57:10 AM org.apache.catalina.core.ApplicationContext log
INFO: ContextListener: contextDestroyed()
Sep 30, 2008 11:57:10 AM org.apache.catalina.core.ApplicationContext log
INFO: Destroying Spring FrameworkServlet 'site'
Sep 30, 2008 11:57:10 AM org.apache.catalina.core.ApplicationContext log
INFO: Closing Spring root WebApplicationContext
Sep 30, 2008 11:57:40 AM org.apache.catalina.core.ApplicationContext log
INFO: Initializing Spring root WebApplicationContext
Sep 30, 2008 11:57:42 AM org.apache.catalina.core.ApplicationContext log
INFO: Initializing Spring FrameworkServlet 'site'
Sep 30, 2008 11:57:43 AM org.apache.catalina.core.ApplicationContext log
INFO: ContextListener: contextInitialized()
Sep 30, 2008 11:57:43 AM org.apache.catalina.core.ApplicationContext log
INFO: SessionListener: contextInitialized()
Sep 30, 2008 11:57:56 AM org.apache.catalina.core.StandardWrapperValve invoke
SEVERE: Servlet.service() for servlet site threw exception
java.lang.ClassCastException: foo.bar.site.controller.LoginFormControllerCommand
	at foo.bar.site.validator.LoginFormControllerCommandValidator.validate(LoginFormControllerCommandValidator.java:18)
	at org.springframework.validation.ValidationUtils.invokeValidator(ValidationUtils.java:63)
	at org.springframework.web.servlet.mvc.BaseCommandController.bindAndValidate(BaseCommandController.java:395)
	at org.springframework.web.servlet.mvc.AbstractFormController.handleRequestInternal(AbstractFormController.java:263)
	at org.springframework.web.servlet.mvc.AbstractController.handleRequest(AbstractController.java:153)
	at org.springframework.web.servlet.mvc.SimpleControllerHandlerAdapter.handle(SimpleControllerHandlerAdapter.java:48)
	at org.springframework.web.servlet.DispatcherServlet.doDispatch(DispatcherServlet.java:875)
	at org.springframework.web.servlet.DispatcherServlet.doService(DispatcherServlet.java:809)
	at org.springframework.web.servlet.FrameworkServlet.processRequest(FrameworkServlet.java:571)
	at org.springframework.web.servlet.FrameworkServlet.doPost(FrameworkServlet.java:511)
	at javax.servlet.http.HttpServlet.service(HttpServlet.java:710)
	at javax.servlet.http.HttpServlet.service(HttpServlet.java:803)
	at org.apache.catalina.core.ApplicationFilterChain.internalDoFilter(ApplicationFilterChain.java:290)
	at org.apache.catalina.core.ApplicationFilterChain.doFilter(ApplicationFilterChain.java:206)
	at org.apache.catalina.core.StandardWrapperValve.invoke(StandardWrapperValve.java:233)
	at org.apache.catalina.core.StandardContextValve.invoke(StandardContextValve.java:175)
	at org.apache.catalina.core.StandardHostValve.invoke(StandardHostValve.java:128)
	at org.apache.catalina.valves.ErrorReportValve.invoke(ErrorReportValve.java:102)
	at org.apache.catalina.core.StandardEngineValve.invoke(StandardEngineValve.java:109)
	at org.apache.catalina.connector.CoyoteAdapter.service(CoyoteAdapter.java:263)
	at org.apache.coyote.http11.Http11Processor.process(Http11Processor.java:844)
	at org.apache.coyote.http11.Http11Protocol$Http11ConnectionHandler.process(Http11Protocol.java:584)
	at org.apache.tomcat.util.net.JIoEndpoint$Worker.run(JIoEndpoint.java:447)
	at java.lang.Thread.run(Thread.java:595)
Sep 30, 2008 11:58:04 AM org.apache.catalina.core.ApplicationContext log
INFO: SessionListener: contextDestroyed()
Sep 30, 2008 11:58:04 AM org.apache.catalina.core.ApplicationContext log
INFO: ContextListener: contextDestroyed()
Sep 30, 2008 11:58:04 AM org.apache.catalina.core.ApplicationContext log
INFO: Destroying Spring FrameworkServlet 'site'
Sep 30, 2008 11:58:04 AM org.apache.catalina.core.ApplicationContext log
INFO: Closing Spring root WebApplicationContext
Sep 30, 2008 11:58:18 AM org.apache.catalina.core.ApplicationContext log
INFO: Initializing Spring root WebApplicationContext
Sep 30, 2008 11:58:23 AM org.apache.catalina.core.ApplicationContext log
INFO: Initializing Spring FrameworkServlet 'site'
Sep 30, 2008 11:58:24 AM org.apache.catalina.core.ApplicationContext log
INFO: ContextListener: contextInitialized()
Sep 30, 2008 11:58:24 AM org.apache.catalina.core.ApplicationContext log
INFO: SessionListener: contextInitialized()
Sep 30, 2008 11:59:49 AM org.apache.catalina.core.ApplicationContext log
INFO: SessionListener: contextDestroyed()
Sep 30, 2008 11:59:49 AM org.apache.catalina.core.ApplicationContext log
INFO: ContextListener: contextDestroyed()
Sep 30, 2008 11:59:49 AM org.apache.catalina.core.ApplicationContext log
INFO: Destroying Spring FrameworkServlet 'site'
Sep 30, 2008 11:59:49 AM org.apache.catalina.core.ApplicationContext log
INFO: Closing Spring root WebApplicationContext
Sep 30, 2008 1:39:17 PM org.apache.catalina.core.ApplicationContext log
INFO: Initializing Spring root WebApplicationContext
Sep 30, 2008 1:39:19 PM org.apache.catalina.core.ApplicationContext log
INFO: Initializing Spring FrameworkServlet 'site'
Sep 30, 2008 1:39:20 PM org.apache.catalina.core.ApplicationContext log
INFO: ContextListener: contextInitialized()
Sep 30, 2008 1:39:20 PM org.apache.catalina.core.ApplicationContext log
INFO: SessionListener: contextInitialized()
Sep 30, 2008 1:40:48 PM org.apache.catalina.core.ApplicationContext log
INFO: SessionListener: contextDestroyed()
Sep 30, 2008 1:40:48 PM org.apache.catalina.core.ApplicationContext log
INFO: ContextListener: contextDestroyed()
Sep 30, 2008 1:40:48 PM org.apache.catalina.core.ApplicationContext log
INFO: Destroying Spring FrameworkServlet 'site'
Sep 30, 2008 1:40:48 PM org.apache.catalina.core.ApplicationContext log
INFO: Closing Spring root WebApplicationContext
Sep 30, 2008 2:20:17 PM org.apache.catalina.core.ApplicationContext log
INFO: Initializing Spring root WebApplicationContext
Sep 30, 2008 2:20:19 PM org.apache.catalina.core.ApplicationContext log
INFO: Initializing Spring FrameworkServlet 'site'
Sep 30, 2008 2:20:20 PM org.apache.catalina.core.ApplicationContext log
INFO: ContextListener: contextInitialized()
Sep 30, 2008 2:20:20 PM org.apache.catalina.core.ApplicationContext log
INFO: SessionListener: contextInitialized()
Sep 30, 2008 2:21:47 PM org.apache.catalina.core.ApplicationContext log
INFO: SessionListener: contextDestroyed()
Sep 30, 2008 2:21:47 PM org.apache.catalina.core.ApplicationContext log
INFO: ContextListener: contextDestroyed()
Sep 30, 2008 2:21:48 PM org.apache.catalina.core.ApplicationContext log
INFO: Destroying Spring FrameworkServlet 'site'
Sep 30, 2008 2:21:48 PM org.apache.catalina.core.ApplicationContext log
INFO: Closing Spring root WebApplicationContext
Sep 30, 2008 2:22:16 PM org.apache.catalina.core.ApplicationContext log
INFO: Initializing Spring root WebApplicationContext
Sep 30, 2008 2:22:19 PM org.apache.catalina.core.ApplicationContext log
INFO: Initializing Spring FrameworkServlet 'site'
Sep 30, 2008 2:22:19 PM org.apache.catalina.core.ApplicationContext log
INFO: ContextListener: contextInitialized()
Sep 30, 2008 2:22:19 PM org.apache.catalina.core.ApplicationContext log
INFO: SessionListener: contextInitialized()
Sep 30, 2008 2:29:03 PM org.apache.catalina.core.ApplicationContext log
INFO: SessionListener: contextDestroyed()
Sep 30, 2008 2:29:03 PM org.apache.catalina.core.ApplicationContext log
INFO: ContextListener: contextDestroyed()
Sep 30, 2008 2:29:03 PM org.apache.catalina.core.ApplicationContext log
INFO: Destroying Spring FrameworkServlet 'site'
Sep 30, 2008 2:29:03 PM org.apache.catalina.core.ApplicationContext log
INFO: Closing Spring root WebApplicationContext
Sep 30, 2008 2:29:24 PM org.apache.catalina.core.ApplicationContext log
INFO: Initializing Spring root WebApplicationContext
Sep 30, 2008 2:29:26 PM org.apache.catalina.core.ApplicationContext log
INFO: Initializing Spring FrameworkServlet 'site'
Sep 30, 2008 2:29:27 PM org.apache.catalina.core.ApplicationContext log
INFO: ContextListener: contextInitialized()
Sep 30, 2008 2:29:27 PM org.apache.catalina.core.ApplicationContext log
INFO: SessionListener: contextInitialized()
Sep 30, 2008 2:33:08 PM org.apache.catalina.core.ApplicationContext log
INFO: SessionListener: contextDestroyed()
Sep 30, 2008 2:33:08 PM org.apache.catalina.core.ApplicationContext log
INFO: ContextListener: contextDestroyed()
Sep 30, 2008 2:33:08 PM org.apache.catalina.core.ApplicationContext log
INFO: Destroying Spring FrameworkServlet 'site'
Sep 30, 2008 2:33:08 PM org.apache.catalina.core.ApplicationContext log
INFO: Closing Spring root WebApplicationContext
Sep 30, 2008 2:33:27 PM org.apache.catalina.core.ApplicationContext log
INFO: Initializing Spring root WebApplicationContext
Sep 30, 2008 2:33:29 PM org.apache.catalina.core.ApplicationContext log
INFO: Initializing Spring FrameworkServlet 'site'
Sep 30, 2008 2:33:30 PM org.apache.catalina.core.ApplicationContext log
INFO: ContextListener: contextInitialized()
Sep 30, 2008 2:33:30 PM org.apache.catalina.core.ApplicationContext log
INFO: SessionListener: contextInitialized()
Sep 30, 2008 3:01:35 PM org.apache.catalina.core.ApplicationContext log
INFO: SessionListener: contextDestroyed()
Sep 30, 2008 3:01:35 PM org.apache.catalina.core.ApplicationContext log
INFO: ContextListener: contextDestroyed()
Sep 30, 2008 3:01:35 PM org.apache.catalina.core.ApplicationContext log
INFO: Destroying Spring FrameworkServlet 'site'
Sep 30, 2008 3:01:35 PM org.apache.catalina.core.ApplicationContext log
INFO: Closing Spring root WebApplicationContext
Sep 30, 2008 3:28:56 PM org.apache.catalina.core.ApplicationContext log
INFO: Initializing Spring root WebApplicationContext
Sep 30, 2008 3:28:58 PM org.apache.catalina.core.ApplicationContext log
INFO: Initializing Spring FrameworkServlet 'site'
Sep 30, 2008 3:28:59 PM org.apache.catalina.core.ApplicationContext log
INFO: ContextListener: contextInitialized()
Sep 30, 2008 3:28:59 PM org.apache.catalina.core.ApplicationContext log
INFO: SessionListener: contextInitialized()
Sep 30, 2008 3:33:59 PM org.apache.catalina.core.ApplicationContext log
INFO: SessionListener: contextDestroyed()
Sep 30, 2008 3:33:59 PM org.apache.catalina.core.ApplicationContext log
INFO: ContextListener: contextDestroyed()
Sep 30, 2008 3:33:59 PM org.apache.catalina.core.ApplicationContext log
INFO: Destroying Spring FrameworkServlet 'site'
Sep 30, 2008 3:33:59 PM org.apache.catalina.core.ApplicationContext log
INFO: Closing Spring root WebApplicationContext
Sep 30, 2008 3:34:28 PM org.apache.catalina.core.ApplicationContext log
INFO: Initializing Spring root WebApplicationContext
Sep 30, 2008 3:34:30 PM org.apache.catalina.core.ApplicationContext log
INFO: Initializing Spring FrameworkServlet 'site'
Sep 30, 2008 3:34:31 PM org.apache.catalina.core.ApplicationContext log
INFO: ContextListener: contextInitialized()
Sep 30, 2008 3:34:31 PM org.apache.catalina.core.ApplicationContext log
INFO: SessionListener: contextInitialized()
Sep 30, 2008 3:36:51 PM org.apache.catalina.core.ApplicationContext log
INFO: SessionListener: contextDestroyed()
Sep 30, 2008 3:36:51 PM org.apache.catalina.core.ApplicationContext log
INFO: ContextListener: contextDestroyed()
Sep 30, 2008 3:36:51 PM org.apache.catalina.core.ApplicationContext log
INFO: Destroying Spring FrameworkServlet 'site'
Sep 30, 2008 3:36:51 PM org.apache.catalina.core.ApplicationContext log
INFO: Closing Spring root WebApplicationContext
Sep 30, 2008 3:37:03 PM org.apache.catalina.core.ApplicationContext log
INFO: Initializing Spring root WebApplicationContext
Sep 30, 2008 3:37:05 PM org.apache.catalina.core.ApplicationContext log
INFO: Initializing Spring FrameworkServlet 'site'
Sep 30, 2008 3:37:06 PM org.apache.catalina.core.ApplicationContext log
INFO: ContextListener: contextInitialized()
Sep 30, 2008 3:37:06 PM org.apache.catalina.core.ApplicationContext log
INFO: SessionListener: contextInitialized()
Sep 30, 2008 3:38:21 PM org.apache.catalina.core.ApplicationContext log
INFO: SessionListener: contextDestroyed()
Sep 30, 2008 3:38:21 PM org.apache.catalina.core.ApplicationContext log
INFO: ContextListener: contextDestroyed()
Sep 30, 2008 3:38:21 PM org.apache.catalina.core.ApplicationContext log
INFO: Destroying Spring FrameworkServlet 'site'
Sep 30, 2008 3:38:21 PM org.apache.catalina.core.ApplicationContext log
INFO: Closing Spring root WebApplicationContext
Sep 30, 2008 3:39:06 PM org.apache.catalina.core.ApplicationContext log
INFO: Initializing Spring root WebApplicationContext
Sep 30, 2008 3:39:08 PM org.apache.catalina.core.ApplicationContext log
INFO: Initializing Spring FrameworkServlet 'site'
Sep 30, 2008 3:39:09 PM org.apache.catalina.core.ApplicationContext log
INFO: ContextListener: contextInitialized()
Sep 30, 2008 3:39:09 PM org.apache.catalina.core.ApplicationContext log
INFO: SessionListener: contextInitialized()
Sep 30, 2008 3:43:13 PM org.apache.catalina.core.ApplicationContext log
INFO: SessionListener: contextDestroyed()
Sep 30, 2008 3:43:13 PM org.apache.catalina.core.ApplicationContext log
INFO: ContextListener: contextDestroyed()
Sep 30, 2008 3:43:13 PM org.apache.catalina.core.ApplicationContext log
INFO: Destroying Spring FrameworkServlet 'site'
Sep 30, 2008 3:43:13 PM org.apache.catalina.core.ApplicationContext log
INFO: Closing Spring root WebApplicationContext
Sep 30, 2008 3:58:15 PM org.apache.catalina.core.ApplicationContext log
INFO: Initializing Spring root WebApplicationContext
Sep 30, 2008 3:58:18 PM org.apache.catalina.core.ApplicationContext log
INFO: Initializing Spring FrameworkServlet 'site'
Sep 30, 2008 3:58:20 PM org.apache.catalina.core.ApplicationContext log
INFO: ContextListener: contextInitialized()
Sep 30, 2008 3:58:20 PM org.apache.catalina.core.ApplicationContext log
INFO: SessionListener: contextInitialized()
Sep 30, 2008 4:00:43 PM org.apache.catalina.core.ApplicationContext log
INFO: SessionListener: contextDestroyed()
Sep 30, 2008 4:00:43 PM org.apache.catalina.core.ApplicationContext log
INFO: ContextListener: contextDestroyed()
Sep 30, 2008 4:00:43 PM org.apache.catalina.core.ApplicationContext log
INFO: Destroying Spring FrameworkServlet 'site'
Sep 30, 2008 4:00:43 PM org.apache.catalina.core.ApplicationContext log
INFO: Closing Spring root WebApplicationContext
Sep 30, 2008 5:31:28 PM org.apache.catalina.core.ApplicationContext log
INFO: Initializing Spring root WebApplicationContext
Sep 30, 2008 5:31:30 PM org.apache.catalina.core.ApplicationContext log
INFO: Initializing Spring FrameworkServlet 'site'
Sep 30, 2008 5:31:31 PM org.apache.catalina.core.ApplicationContext log
INFO: ContextListener: contextInitialized()
Sep 30, 2008 5:31:31 PM org.apache.catalina.core.ApplicationContext log
INFO: SessionListener: contextInitialized()
Sep 30, 2008 5:32:46 PM org.apache.catalina.core.ApplicationContext log
INFO: SessionListener: contextDestroyed()
Sep 30, 2008 5:32:46 PM org.apache.catalina.core.ApplicationContext log
INFO: ContextListener: contextDestroyed()
Sep 30, 2008 5:32:46 PM org.apache.catalina.core.ApplicationContext log
INFO: Destroying Spring FrameworkServlet 'site'
Sep 30, 2008 5:32:46 PM org.apache.catalina.core.ApplicationContext log
INFO: Closing Spring root WebApplicationContext
Sep 30, 2008 5:33:01 PM org.apache.catalina.core.ApplicationContext log
INFO: Initializing Spring root WebApplicationContext
Sep 30, 2008 5:33:03 PM org.apache.catalina.core.ApplicationContext log
INFO: Initializing Spring FrameworkServlet 'site'
Sep 30, 2008 5:33:05 PM org.apache.catalina.core.ApplicationContext log
INFO: ContextListener: contextInitialized()
Sep 30, 2008 5:33:05 PM org.apache.catalina.core.ApplicationContext log
INFO: SessionListener: contextInitialized()
Sep 30, 2008 5:34:58 PM org.apache.catalina.core.ApplicationContext log
INFO: SessionListener: contextDestroyed()
Sep 30, 2008 5:34:58 PM org.apache.catalina.core.ApplicationContext log
INFO: ContextListener: contextDestroyed()
Sep 30, 2008 5:34:58 PM org.apache.catalina.core.ApplicationContext log
INFO: Destroying Spring FrameworkServlet 'site'
Sep 30, 2008 5:34:58 PM org.apache.catalina.core.ApplicationContext log
INFO: Closing Spring root WebApplicationContext
